#
# There is insufficient memory for the Java Runtime Environment to continue.
# Native memory allocation (malloc) failed to allocate 32784 bytes for Chunk::new
# Possible reasons:
#   The system is out of physical RAM or swap space
#   The process is running with CompressedOops enabled, and the Java Heap may be blocking the growth of the native heap
# Possible solutions:
#   Reduce memory load on the system
#   Increase physical memory or swap space
#   Check if swap backing store is full
#   Decrease Java heap size (-Xmx/-Xms)
#   Decrease number of Java threads
#   Decrease Java thread stack sizes (-Xss)
#   Set larger code cache with -XX:ReservedCodeCacheSize=
#   JVM is running with Unscaled Compressed Oops mode in which the Java heap is
#     placed in the first 4GB address space. The Java Heap base address is the
#     maximum limit for the native heap growth. Please use -XX:HeapBaseMinAddress
#     to set the Java Heap base and to place the Java Heap above 4GB virtual address.
# This output file may be truncated or incomplete.
#
#  Out of Memory Error (arena.cpp:195), pid=7512, tid=5868
#
# JRE version: Java(TM) SE Runtime Environment (16.0.1+9) (build 16.0.1+9-24)
# Java VM: Java HotSpot(TM) 64-Bit Server VM (16.0.1+9-24, mixed mode, sharing, tiered, compressed oops, compressed class ptrs, g1 gc, windows-amd64)
# No core dump will be written. Minidumps are not enabled by default on client versions of Windows
#

---------------  S U M M A R Y ------------

Command Line: -Dclassworlds.conf=D:\apache-maven-3.8.1\bin\..\bin\m2.conf -Dmaven.home=D:\apache-maven-3.8.1\bin\.. -Dlibrary.jansi.path=D:\apache-maven-3.8.1\bin\..\lib\jansi-native -Dmaven.multiModuleProjectDirectory=D:\Users\Gilson José.DESKTOP-TTETHU6\Documents\GitHub\CadastrodeClientes-angular-springJava-\backend org.codehaus.plexus.classworlds.launcher.Launcher spring-boot:run

Host: Intel(R) Core(TM) i3-4130 CPU @ 3.40GHz, 4 cores, 5G,  Windows 10 , 64 bit Build 18362 (10.0.18362.329)
Time: Wed Jul 14 01:29:16 2021 Hora oficial do Brasil elapsed time: 2.855491 seconds (0d 0h 0m 2s)

---------------  T H R E A D  ---------------

Current thread (0x00000259bc060c60):  JavaThread "C2 CompilerThread0" daemon [_thread_in_native, id=5868, stack(0x000000d89a500000,0x000000d89a600000)]


Current CompileTask:
C2:   2855  920       4       org.codehaus.plexus.util.InterpolationFilterReader::read (477 bytes)

Stack: [0x000000d89a500000,0x000000d89a600000]
Native frames: (J=compiled Java code, j=interpreted, Vv=VM code, C=native code)
V  [jvm.dll+0x6687ca]
V  [jvm.dll+0x7ca3c9]
V  [jvm.dll+0x7cbb53]
V  [jvm.dll+0x7cc1b3]
V  [jvm.dll+0x242ea5]
V  [jvm.dll+0xadeca]
V  [jvm.dll+0xae5ac]
V  [jvm.dll+0xbb7ce]
V  [jvm.dll+0x1bb99e]
V  [jvm.dll+0x1bced2]
V  [jvm.dll+0x6b5e47]
V  [jvm.dll+0x1b9e30]
V  [jvm.dll+0x216066]
V  [jvm.dll+0x215350]
V  [jvm.dll+0x1a1d9b]
V  [jvm.dll+0x2253a8]
V  [jvm.dll+0x2233ec]
V  [jvm.dll+0x780002]
V  [jvm.dll+0x779b4a]
V  [jvm.dll+0x667666]
C  [ucrtbase.dll+0x20e72]
C  [KERNEL32.DLL+0x17bd4]
C  [ntdll.dll+0x6ced1]


---------------  P R O C E S S  ---------------

Threads class SMR info:
_java_thread_list=0x00000259bd093730, length=13, elements={
0x000002599fc14030, 0x00000259bc03b330, 0x00000259bc03e6b0, 0x00000259bc053d70,
0x00000259bc053820, 0x00000259bc051d90, 0x00000259bc050850, 0x00000259bc060c60,
0x00000259bc06b610, 0x00000259bc078760, 0x00000259bc0532d0, 0x00000259bc0522e0,
0x00000259bd5e0810
}

Java Threads: ( => current thread )
  0x000002599fc14030 JavaThread "main" [_thread_in_native, id=2940, stack(0x000000d899800000,0x000000d899900000)]
  0x00000259bc03b330 JavaThread "Reference Handler" daemon [_thread_blocked, id=5856, stack(0x000000d899f00000,0x000000d89a000000)]
  0x00000259bc03e6b0 JavaThread "Finalizer" daemon [_thread_blocked, id=9884, stack(0x000000d89a000000,0x000000d89a100000)]
  0x00000259bc053d70 JavaThread "Signal Dispatcher" daemon [_thread_blocked, id=1656, stack(0x000000d89a100000,0x000000d89a200000)]
  0x00000259bc053820 JavaThread "Attach Listener" daemon [_thread_blocked, id=7232, stack(0x000000d89a200000,0x000000d89a300000)]
  0x00000259bc051d90 JavaThread "Service Thread" daemon [_thread_blocked, id=7324, stack(0x000000d89a300000,0x000000d89a400000)]
  0x00000259bc050850 JavaThread "Monitor Deflation Thread" daemon [_thread_blocked, id=7468, stack(0x000000d89a400000,0x000000d89a500000)]
=>0x00000259bc060c60 JavaThread "C2 CompilerThread0" daemon [_thread_in_native, id=5868, stack(0x000000d89a500000,0x000000d89a600000)]
  0x00000259bc06b610 JavaThread "C1 CompilerThread0" daemon [_thread_blocked, id=4280, stack(0x000000d89a600000,0x000000d89a700000)]
  0x00000259bc078760 JavaThread "Sweeper thread" daemon [_thread_blocked, id=7844, stack(0x000000d89a700000,0x000000d89a800000)]
  0x00000259bc0532d0 JavaThread "Notification Thread" daemon [_thread_blocked, id=2116, stack(0x000000d89a800000,0x000000d89a900000)]
  0x00000259bc0522e0 JavaThread "Common-Cleaner" daemon [_thread_blocked, id=1348, stack(0x000000d89aa00000,0x000000d89ab00000)]
  0x00000259bd5e0810 JavaThread "C2 CompilerThread1" daemon [_thread_in_native, id=3068, stack(0x000000d89ae00000,0x000000d89af00000)]

Other Threads:
  0x000002599fcddbb0 VMThread "VM Thread" [stack: 0x000000d899e00000,0x000000d899f00000] [id=2292]
  0x00000259bcc8e8a0 WatcherThread [stack: 0x000000d89a900000,0x000000d89aa00000] [id=8264]
  0x000002599fc46c50 GCTaskThread "GC Thread#0" [stack: 0x000000d899900000,0x000000d899a00000] [id=8028]
  0x00000259bd1de970 GCTaskThread "GC Thread#1" [stack: 0x000000d89ab00000,0x000000d89ac00000] [id=2000]
  0x00000259bd1e4120 GCTaskThread "GC Thread#2" [stack: 0x000000d89ac00000,0x000000d89ad00000] [id=9512]
  0x00000259bd417680 GCTaskThread "GC Thread#3" [stack: 0x000000d89ad00000,0x000000d89ae00000] [id=3864]
  0x000002599fc53a10 ConcurrentGCThread "G1 Main Marker" [stack: 0x000000d899a00000,0x000000d899b00000] [id=2008]
  0x000002599fc54400 ConcurrentGCThread "G1 Conc#0" [stack: 0x000000d899b00000,0x000000d899c00000] [id=9808]
  0x000002599fcb94e0 ConcurrentGCThread "G1 Refine#0" [stack: 0x000000d899c00000,0x000000d899d00000] [id=5164]
  0x000002599fcbae70 ConcurrentGCThread "G1 Service" [stack: 0x000000d899d00000,0x000000d899e00000] [id=6336]

Threads with active compile tasks:
C2 CompilerThread0     2902  920       4       org.codehaus.plexus.util.InterpolationFilterReader::read (477 bytes)
C2 CompilerThread1     2902  949   !   4       sun.nio.cs.StreamDecoder::read (196 bytes)

VM state: not at safepoint (normal execution)

VM Mutex/Monitor currently owned by a thread: None

Heap address: 0x00000000a1400000, size: 1516 MB, Compressed Oops mode: 32-bit

CDS archive(s) mapped at: [0x0000000800000000-0x0000000800bb0000-0x0000000800bb0000), size 12255232, SharedBaseAddress: 0x0000000800000000, ArchiveRelocationMode: 0.
Compressed class space mapped at: 0x0000000800c00000-0x0000000840c00000, reserved size: 1073741824
Narrow klass base: 0x0000000800000000, Narrow klass shift: 3, Narrow klass range: 0x100000000

GC Precious Log:
 CPUs: 4 total, 4 available
 Memory: 6063M
 Large Page Support: Disabled
 NUMA Support: Disabled
 Compressed Oops: Enabled (32-bit)
 Heap Region Size: 1M
 Heap Min Capacity: 8M
 Heap Initial Capacity: 96M
 Heap Max Capacity: 1516M
 Pre-touch: Disabled
 Parallel Workers: 4
 Concurrent Workers: 1
 Concurrent Refinement Workers: 4
 Periodic GC: Disabled

Heap:
 garbage-first heap   total 98304K, used 12328K [0x00000000a1400000, 0x0000000100000000)
  region size 1024K, 12 young (12288K), 2 survivors (2048K)
 Metaspace       used 4965K, committed 5120K, reserved 1056768K
  class space    used 557K, committed 640K, reserved 1048576K

Heap Regions: E=young(eden), S=young(survivor), O=old, HS=humongous(starts), HC=humongous(continues), CS=collection set, F=free, OA=open archive, CA=closed archive, TAMS=top-at-mark-start (previous, next)
|   0|0x00000000a1400000, 0x00000000a1500000, 0x00000000a1500000|100%| O|  |TAMS 0x00000000a1400000, 0x00000000a1400000| Untracked 
|   1|0x00000000a1500000, 0x00000000a150a000, 0x00000000a1600000|  3%| O|  |TAMS 0x00000000a1500000, 0x00000000a1500000| Untracked 
|   2|0x00000000a1600000, 0x00000000a1600000, 0x00000000a1700000|  0%| F|  |TAMS 0x00000000a1600000, 0x00000000a1600000| Untracked 
|   3|0x00000000a1700000, 0x00000000a1700000, 0x00000000a1800000|  0%| F|  |TAMS 0x00000000a1700000, 0x00000000a1700000| Untracked 
|   4|0x00000000a1800000, 0x00000000a1800000, 0x00000000a1900000|  0%| F|  |TAMS 0x00000000a1800000, 0x00000000a1800000| Untracked 
|   5|0x00000000a1900000, 0x00000000a1900000, 0x00000000a1a00000|  0%| F|  |TAMS 0x00000000a1900000, 0x00000000a1900000| Untracked 
|   6|0x00000000a1a00000, 0x00000000a1a00000, 0x00000000a1b00000|  0%| F|  |TAMS 0x00000000a1a00000, 0x00000000a1a00000| Untracked 
|   7|0x00000000a1b00000, 0x00000000a1b00000, 0x00000000a1c00000|  0%| F|  |TAMS 0x00000000a1b00000, 0x00000000a1b00000| Untracked 
|   8|0x00000000a1c00000, 0x00000000a1c00000, 0x00000000a1d00000|  0%| F|  |TAMS 0x00000000a1c00000, 0x00000000a1c00000| Untracked 
|   9|0x00000000a1d00000, 0x00000000a1d00000, 0x00000000a1e00000|  0%| F|  |TAMS 0x00000000a1d00000, 0x00000000a1d00000| Untracked 
|  10|0x00000000a1e00000, 0x00000000a1e00000, 0x00000000a1f00000|  0%| F|  |TAMS 0x00000000a1e00000, 0x00000000a1e00000| Untracked 
|  11|0x00000000a1f00000, 0x00000000a1f00000, 0x00000000a2000000|  0%| F|  |TAMS 0x00000000a1f00000, 0x00000000a1f00000| Untracked 
|  12|0x00000000a2000000, 0x00000000a2000000, 0x00000000a2100000|  0%| F|  |TAMS 0x00000000a2000000, 0x00000000a2000000| Untracked 
|  13|0x00000000a2100000, 0x00000000a2100000, 0x00000000a2200000|  0%| F|  |TAMS 0x00000000a2100000, 0x00000000a2100000| Untracked 
|  14|0x00000000a2200000, 0x00000000a2200000, 0x00000000a2300000|  0%| F|  |TAMS 0x00000000a2200000, 0x00000000a2200000| Untracked 
|  15|0x00000000a2300000, 0x00000000a2300000, 0x00000000a2400000|  0%| F|  |TAMS 0x00000000a2300000, 0x00000000a2300000| Untracked 
|  16|0x00000000a2400000, 0x00000000a2400000, 0x00000000a2500000|  0%| F|  |TAMS 0x00000000a2400000, 0x00000000a2400000| Untracked 
|  17|0x00000000a2500000, 0x00000000a2500000, 0x00000000a2600000|  0%| F|  |TAMS 0x00000000a2500000, 0x00000000a2500000| Untracked 
|  18|0x00000000a2600000, 0x00000000a2600000, 0x00000000a2700000|  0%| F|  |TAMS 0x00000000a2600000, 0x00000000a2600000| Untracked 
|  19|0x00000000a2700000, 0x00000000a2700000, 0x00000000a2800000|  0%| F|  |TAMS 0x00000000a2700000, 0x00000000a2700000| Untracked 
|  20|0x00000000a2800000, 0x00000000a2800000, 0x00000000a2900000|  0%| F|  |TAMS 0x00000000a2800000, 0x00000000a2800000| Untracked 
|  21|0x00000000a2900000, 0x00000000a2900000, 0x00000000a2a00000|  0%| F|  |TAMS 0x00000000a2900000, 0x00000000a2900000| Untracked 
|  22|0x00000000a2a00000, 0x00000000a2a00000, 0x00000000a2b00000|  0%| F|  |TAMS 0x00000000a2a00000, 0x00000000a2a00000| Untracked 
|  23|0x00000000a2b00000, 0x00000000a2b00000, 0x00000000a2c00000|  0%| F|  |TAMS 0x00000000a2b00000, 0x00000000a2b00000| Untracked 
|  24|0x00000000a2c00000, 0x00000000a2c00000, 0x00000000a2d00000|  0%| F|  |TAMS 0x00000000a2c00000, 0x00000000a2c00000| Untracked 
|  25|0x00000000a2d00000, 0x00000000a2d00000, 0x00000000a2e00000|  0%| F|  |TAMS 0x00000000a2d00000, 0x00000000a2d00000| Untracked 
|  26|0x00000000a2e00000, 0x00000000a2e00000, 0x00000000a2f00000|  0%| F|  |TAMS 0x00000000a2e00000, 0x00000000a2e00000| Untracked 
|  27|0x00000000a2f00000, 0x00000000a2f00000, 0x00000000a3000000|  0%| F|  |TAMS 0x00000000a2f00000, 0x00000000a2f00000| Untracked 
|  28|0x00000000a3000000, 0x00000000a3000000, 0x00000000a3100000|  0%| F|  |TAMS 0x00000000a3000000, 0x00000000a3000000| Untracked 
|  29|0x00000000a3100000, 0x00000000a3100000, 0x00000000a3200000|  0%| F|  |TAMS 0x00000000a3100000, 0x00000000a3100000| Untracked 
|  30|0x00000000a3200000, 0x00000000a3200000, 0x00000000a3300000|  0%| F|  |TAMS 0x00000000a3200000, 0x00000000a3200000| Untracked 
|  31|0x00000000a3300000, 0x00000000a3300000, 0x00000000a3400000|  0%| F|  |TAMS 0x00000000a3300000, 0x00000000a3300000| Untracked 
|  32|0x00000000a3400000, 0x00000000a3400000, 0x00000000a3500000|  0%| F|  |TAMS 0x00000000a3400000, 0x00000000a3400000| Untracked 
|  33|0x00000000a3500000, 0x00000000a3500000, 0x00000000a3600000|  0%| F|  |TAMS 0x00000000a3500000, 0x00000000a3500000| Untracked 
|  34|0x00000000a3600000, 0x00000000a3600000, 0x00000000a3700000|  0%| F|  |TAMS 0x00000000a3600000, 0x00000000a3600000| Untracked 
|  35|0x00000000a3700000, 0x00000000a3700000, 0x00000000a3800000|  0%| F|  |TAMS 0x00000000a3700000, 0x00000000a3700000| Untracked 
|  36|0x00000000a3800000, 0x00000000a3800000, 0x00000000a3900000|  0%| F|  |TAMS 0x00000000a3800000, 0x00000000a3800000| Untracked 
|  37|0x00000000a3900000, 0x00000000a3900000, 0x00000000a3a00000|  0%| F|  |TAMS 0x00000000a3900000, 0x00000000a3900000| Untracked 
|  38|0x00000000a3a00000, 0x00000000a3a00000, 0x00000000a3b00000|  0%| F|  |TAMS 0x00000000a3a00000, 0x00000000a3a00000| Untracked 
|  39|0x00000000a3b00000, 0x00000000a3b00000, 0x00000000a3c00000|  0%| F|  |TAMS 0x00000000a3b00000, 0x00000000a3b00000| Untracked 
|  40|0x00000000a3c00000, 0x00000000a3c00000, 0x00000000a3d00000|  0%| F|  |TAMS 0x00000000a3c00000, 0x00000000a3c00000| Untracked 
|  41|0x00000000a3d00000, 0x00000000a3d00000, 0x00000000a3e00000|  0%| F|  |TAMS 0x00000000a3d00000, 0x00000000a3d00000| Untracked 
|  42|0x00000000a3e00000, 0x00000000a3e00000, 0x00000000a3f00000|  0%| F|  |TAMS 0x00000000a3e00000, 0x00000000a3e00000| Untracked 
|  43|0x00000000a3f00000, 0x00000000a3f00000, 0x00000000a4000000|  0%| F|  |TAMS 0x00000000a3f00000, 0x00000000a3f00000| Untracked 
|  44|0x00000000a4000000, 0x00000000a4000000, 0x00000000a4100000|  0%| F|  |TAMS 0x00000000a4000000, 0x00000000a4000000| Untracked 
|  45|0x00000000a4100000, 0x00000000a4100000, 0x00000000a4200000|  0%| F|  |TAMS 0x00000000a4100000, 0x00000000a4100000| Untracked 
|  46|0x00000000a4200000, 0x00000000a4200000, 0x00000000a4300000|  0%| F|  |TAMS 0x00000000a4200000, 0x00000000a4200000| Untracked 
|  47|0x00000000a4300000, 0x00000000a4300000, 0x00000000a4400000|  0%| F|  |TAMS 0x00000000a4300000, 0x00000000a4300000| Untracked 
|  48|0x00000000a4400000, 0x00000000a4400000, 0x00000000a4500000|  0%| F|  |TAMS 0x00000000a4400000, 0x00000000a4400000| Untracked 
|  49|0x00000000a4500000, 0x00000000a4500000, 0x00000000a4600000|  0%| F|  |TAMS 0x00000000a4500000, 0x00000000a4500000| Untracked 
|  50|0x00000000a4600000, 0x00000000a4600000, 0x00000000a4700000|  0%| F|  |TAMS 0x00000000a4600000, 0x00000000a4600000| Untracked 
|  51|0x00000000a4700000, 0x00000000a4700000, 0x00000000a4800000|  0%| F|  |TAMS 0x00000000a4700000, 0x00000000a4700000| Untracked 
|  52|0x00000000a4800000, 0x00000000a4800000, 0x00000000a4900000|  0%| F|  |TAMS 0x00000000a4800000, 0x00000000a4800000| Untracked 
|  53|0x00000000a4900000, 0x00000000a4900000, 0x00000000a4a00000|  0%| F|  |TAMS 0x00000000a4900000, 0x00000000a4900000| Untracked 
|  54|0x00000000a4a00000, 0x00000000a4a00000, 0x00000000a4b00000|  0%| F|  |TAMS 0x00000000a4a00000, 0x00000000a4a00000| Untracked 
|  55|0x00000000a4b00000, 0x00000000a4b00000, 0x00000000a4c00000|  0%| F|  |TAMS 0x00000000a4b00000, 0x00000000a4b00000| Untracked 
|  56|0x00000000a4c00000, 0x00000000a4c00000, 0x00000000a4d00000|  0%| F|  |TAMS 0x00000000a4c00000, 0x00000000a4c00000| Untracked 
|  57|0x00000000a4d00000, 0x00000000a4d00000, 0x00000000a4e00000|  0%| F|  |TAMS 0x00000000a4d00000, 0x00000000a4d00000| Untracked 
|  58|0x00000000a4e00000, 0x00000000a4e00000, 0x00000000a4f00000|  0%| F|  |TAMS 0x00000000a4e00000, 0x00000000a4e00000| Untracked 
|  59|0x00000000a4f00000, 0x00000000a4f00000, 0x00000000a5000000|  0%| F|  |TAMS 0x00000000a4f00000, 0x00000000a4f00000| Untracked 
|  60|0x00000000a5000000, 0x00000000a5000000, 0x00000000a5100000|  0%| F|  |TAMS 0x00000000a5000000, 0x00000000a5000000| Untracked 
|  61|0x00000000a5100000, 0x00000000a5100000, 0x00000000a5200000|  0%| F|  |TAMS 0x00000000a5100000, 0x00000000a5100000| Untracked 
|  62|0x00000000a5200000, 0x00000000a5200000, 0x00000000a5300000|  0%| F|  |TAMS 0x00000000a5200000, 0x00000000a5200000| Untracked 
|  63|0x00000000a5300000, 0x00000000a5300000, 0x00000000a5400000|  0%| F|  |TAMS 0x00000000a5300000, 0x00000000a5300000| Untracked 
|  64|0x00000000a5400000, 0x00000000a5400000, 0x00000000a5500000|  0%| F|  |TAMS 0x00000000a5400000, 0x00000000a5400000| Untracked 
|  65|0x00000000a5500000, 0x00000000a5500000, 0x00000000a5600000|  0%| F|  |TAMS 0x00000000a5500000, 0x00000000a5500000| Untracked 
|  66|0x00000000a5600000, 0x00000000a5600000, 0x00000000a5700000|  0%| F|  |TAMS 0x00000000a5600000, 0x00000000a5600000| Untracked 
|  67|0x00000000a5700000, 0x00000000a5700000, 0x00000000a5800000|  0%| F|  |TAMS 0x00000000a5700000, 0x00000000a5700000| Untracked 
|  68|0x00000000a5800000, 0x00000000a5800000, 0x00000000a5900000|  0%| F|  |TAMS 0x00000000a5800000, 0x00000000a5800000| Untracked 
|  69|0x00000000a5900000, 0x00000000a5900000, 0x00000000a5a00000|  0%| F|  |TAMS 0x00000000a5900000, 0x00000000a5900000| Untracked 
|  70|0x00000000a5a00000, 0x00000000a5a00000, 0x00000000a5b00000|  0%| F|  |TAMS 0x00000000a5a00000, 0x00000000a5a00000| Untracked 
|  71|0x00000000a5b00000, 0x00000000a5b00000, 0x00000000a5c00000|  0%| F|  |TAMS 0x00000000a5b00000, 0x00000000a5b00000| Untracked 
|  72|0x00000000a5c00000, 0x00000000a5c00000, 0x00000000a5d00000|  0%| F|  |TAMS 0x00000000a5c00000, 0x00000000a5c00000| Untracked 
|  73|0x00000000a5d00000, 0x00000000a5d00000, 0x00000000a5e00000|  0%| F|  |TAMS 0x00000000a5d00000, 0x00000000a5d00000| Untracked 
|  74|0x00000000a5e00000, 0x00000000a5e00000, 0x00000000a5f00000|  0%| F|  |TAMS 0x00000000a5e00000, 0x00000000a5e00000| Untracked 
|  75|0x00000000a5f00000, 0x00000000a5f00000, 0x00000000a6000000|  0%| F|  |TAMS 0x00000000a5f00000, 0x00000000a5f00000| Untracked 
|  76|0x00000000a6000000, 0x00000000a6000000, 0x00000000a6100000|  0%| F|  |TAMS 0x00000000a6000000, 0x00000000a6000000| Untracked 
|  77|0x00000000a6100000, 0x00000000a6100000, 0x00000000a6200000|  0%| F|  |TAMS 0x00000000a6100000, 0x00000000a6100000| Untracked 
|  78|0x00000000a6200000, 0x00000000a6200000, 0x00000000a6300000|  0%| F|  |TAMS 0x00000000a6200000, 0x00000000a6200000| Untracked 
|  79|0x00000000a6300000, 0x00000000a6300000, 0x00000000a6400000|  0%| F|  |TAMS 0x00000000a6300000, 0x00000000a6300000| Untracked 
|  80|0x00000000a6400000, 0x00000000a6400000, 0x00000000a6500000|  0%| F|  |TAMS 0x00000000a6400000, 0x00000000a6400000| Untracked 
|  81|0x00000000a6500000, 0x00000000a6600000, 0x00000000a6600000|100%| S|CS|TAMS 0x00000000a6500000, 0x00000000a6500000| Complete 
|  82|0x00000000a6600000, 0x00000000a6700000, 0x00000000a6700000|100%| S|CS|TAMS 0x00000000a6600000, 0x00000000a6600000| Complete 
|  83|0x00000000a6700000, 0x00000000a6700000, 0x00000000a6800000|  0%| F|  |TAMS 0x00000000a6700000, 0x00000000a6700000| Untracked 
|  84|0x00000000a6800000, 0x00000000a6800000, 0x00000000a6900000|  0%| F|  |TAMS 0x00000000a6800000, 0x00000000a6800000| Untracked 
|  85|0x00000000a6900000, 0x00000000a6900000, 0x00000000a6a00000|  0%| F|  |TAMS 0x00000000a6900000, 0x00000000a6900000| Untracked 
|  86|0x00000000a6a00000, 0x00000000a6ad6178, 0x00000000a6b00000| 83%| E|  |TAMS 0x00000000a6a00000, 0x00000000a6a00000| Complete 
|  87|0x00000000a6b00000, 0x00000000a6c00000, 0x00000000a6c00000|100%| E|CS|TAMS 0x00000000a6b00000, 0x00000000a6b00000| Complete 
|  88|0x00000000a6c00000, 0x00000000a6d00000, 0x00000000a6d00000|100%| E|CS|TAMS 0x00000000a6c00000, 0x00000000a6c00000| Complete 
|  89|0x00000000a6d00000, 0x00000000a6e00000, 0x00000000a6e00000|100%| E|CS|TAMS 0x00000000a6d00000, 0x00000000a6d00000| Complete 
|  90|0x00000000a6e00000, 0x00000000a6f00000, 0x00000000a6f00000|100%| E|CS|TAMS 0x00000000a6e00000, 0x00000000a6e00000| Complete 
|  91|0x00000000a6f00000, 0x00000000a7000000, 0x00000000a7000000|100%| E|CS|TAMS 0x00000000a6f00000, 0x00000000a6f00000| Complete 
|  92|0x00000000a7000000, 0x00000000a7100000, 0x00000000a7100000|100%| E|CS|TAMS 0x00000000a7000000, 0x00000000a7000000| Complete 
|  93|0x00000000a7100000, 0x00000000a7200000, 0x00000000a7200000|100%| E|CS|TAMS 0x00000000a7100000, 0x00000000a7100000| Complete 
|  94|0x00000000a7200000, 0x00000000a7300000, 0x00000000a7300000|100%| E|CS|TAMS 0x00000000a7200000, 0x00000000a7200000| Complete 
|  95|0x00000000a7300000, 0x00000000a7400000, 0x00000000a7400000|100%| E|CS|TAMS 0x00000000a7300000, 0x00000000a7300000| Complete 

Card table byte_map: [0x00000259b6680000,0x00000259b6980000] _byte_map_base: 0x00000259b6176000

Marking Bits (Prev, Next): (CMBitMap*) 0x000002599fc47240, (CMBitMap*) 0x000002599fc47280
 Prev Bits: [0x00000259b6c80000, 0x00000259b8430000)
 Next Bits: [0x00000259b8430000, 0x00000259b9be0000)

Polling page: 0x000002599db90000

Metaspace:

Usage:
  Non-class:      4.30 MB used.
      Class:    557.73 KB used.
       Both:      4.85 MB used.

Virtual space:
  Non-class space:        8.00 MB reserved,       4.38 MB ( 55%) committed,  1 nodes.
      Class space:        1.00 GB reserved,     640.00 KB ( <1%) committed,  1 nodes.
              Both:        1.01 GB reserved,       5.00 MB ( <1%) committed. 

Chunk freelists:
   Non-Class:  1.39 MB
       Class:  3.33 MB
        Both:  4.72 MB

MaxMetaspaceSize: 17179869184.00 GB
CompressedClassSpaceSize: 1.00 GB
 - commit_granule_bytes: 65536.
 - commit_granule_words: 8192.
 - virtual_space_node_default_size: 1048576.
 - enlarge_chunks_in_place: 1.
 - new_chunks_are_fully_committed: 0.
 - uncommit_free_chunks: 1.
 - use_allocation_guard: 0.
 - handle_deallocations: 1.


Internal statistics:

num_allocs_failed_limit: 0.
num_arena_births: 16.
num_arena_deaths: 0.
num_vsnodes_births: 2.
num_vsnodes_deaths: 0.
num_space_committed: 80.
num_space_uncommitted: 0.
num_chunks_returned_to_freelist: 0.
num_chunks_taken_from_freelist: 145.
num_chunk_merges: 0.
num_chunk_splits: 109.
num_chunks_enlarged: 96.
num_purges: 0.

CodeHeap 'non-profiled nmethods': size=120000Kb used=302Kb max_used=302Kb free=119697Kb
 bounds [0x00000259aee50000, 0x00000259af0c0000, 0x00000259b6380000]
CodeHeap 'profiled nmethods': size=120000Kb used=1966Kb max_used=1966Kb free=118033Kb
 bounds [0x00000259a7920000, 0x00000259a7b90000, 0x00000259aee50000]
CodeHeap 'non-nmethods': size=5760Kb used=1160Kb max_used=1185Kb free=4600Kb
 bounds [0x00000259a7380000, 0x00000259a75f0000, 0x00000259a7920000]
 total_blobs=1387 nmethods=942 adapters=358
 compilation: enabled
              stopped_count=0, restarted_count=0
 full_count=0

Compilation events (20 events):
Event: 2.818 Thread 0x00000259bc06b610 nmethod 936 0x00000259a7b04210 code [0x00000259a7b044e0, 0x00000259a7b050c8]
Event: 2.819 Thread 0x00000259bc060c60  909       4       java.nio.ByteBuffer::arrayOffset (35 bytes)
Event: 2.819 Thread 0x00000259bc060c60 nmethod 909 0x00000259aee95b10 code [0x00000259aee95ca0, 0x00000259aee95d58]
Event: 2.819 Thread 0x00000259bc060c60  910       4       java.nio.CharBuffer::arrayOffset (35 bytes)
Event: 2.820 Thread 0x00000259bc060c60 nmethod 910 0x00000259aee95e10 code [0x00000259aee95fa0, 0x00000259aee96058]
Event: 2.820 Thread 0x00000259bc06b610  938       3       java.lang.AbstractStringBuilder::charAt (36 bytes)
Event: 2.820 Thread 0x00000259bc060c60  911       4       java.nio.CharBuffer::position (6 bytes)
Event: 2.820 Thread 0x00000259bc06b610 nmethod 938 0x00000259a7b05510 code [0x00000259a7b05700, 0x00000259a7b05b38]
Event: 2.820 Thread 0x00000259bc06b610  939   !   3       sun.nio.cs.StreamDecoder::read (196 bytes)
Event: 2.821 Thread 0x00000259bc060c60 nmethod 911 0x00000259aee96110 code [0x00000259aee962a0, 0x00000259aee96378]
Event: 2.821 Thread 0x00000259bc060c60  941       4       sun.nio.cs.StreamDecoder::ensureOpen (18 bytes)
Event: 2.821 Thread 0x00000259bc060c60 nmethod 941 0x00000259aee96490 code [0x00000259aee96620, 0x00000259aee966b8]
Event: 2.821 Thread 0x00000259bc060c60  920       4       org.codehaus.plexus.util.InterpolationFilterReader::read (477 bytes)
Event: 2.821 Thread 0x00000259bc06b610 nmethod 939 0x00000259a7b05d10 code [0x00000259a7b05f80, 0x00000259a7b06ba8]
Event: 2.821 Thread 0x00000259bc06b610  937       3       java.lang.StringBuilder::charAt (6 bytes)
Event: 2.822 Thread 0x00000259bc06b610 nmethod 937 0x00000259a7b07110 code [0x00000259a7b072c0, 0x00000259a7b07408]
Event: 2.843 Thread 0x00000259bc06b610  950       1       org.codehaus.plexus.util.xml.pull.MXParser::getDepth (5 bytes)
Event: 2.843 Thread 0x00000259bc06b610 nmethod 950 0x00000259aee96790 code [0x00000259aee96920, 0x00000259aee969f8]
Event: 2.843 Thread 0x00000259bc06b610  951       2       java.lang.AbstractStringBuilder::checkRange (63 bytes)
Event: 2.844 Thread 0x00000259bc06b610 nmethod 951 0x00000259a7b07490 code [0x00000259a7b076c0, 0x00000259a7b07a98]

GC Heap History (2 events):
Event: 2.579 GC heap before
{Heap before GC invocations=0 (full 0):
 garbage-first heap   total 98304K, used 13312K [0x00000000a1400000, 0x0000000100000000)
  region size 1024K, 13 young (13312K), 0 survivors (0K)
 Metaspace       used 3546K, committed 3712K, reserved 1056768K
  class space    used 354K, committed 448K, reserved 1048576K
}
Event: 2.585 GC heap after
{Heap after GC invocations=1 (full 0):
 garbage-first heap   total 98304K, used 3112K [0x00000000a1400000, 0x0000000100000000)
  region size 1024K, 2 young (2048K), 2 survivors (2048K)
 Metaspace       used 3546K, committed 3712K, reserved 1056768K
  class space    used 354K, committed 448K, reserved 1048576K
}

Deoptimization events (20 events):
Event: 1.881 Thread 0x000002599fc14030 DEOPT PACKING pc=0x00000259aee5c194 sp=0x000000d8998fd5a0
Event: 1.881 Thread 0x000002599fc14030 DEOPT UNPACKING pc=0x00000259a73cd72e sp=0x000000d8998fd548 mode 2
Event: 2.207 Thread 0x000002599fc14030 Uncommon trap: trap_request=0xffffff45 fr.pc=0x00000259aee5d50c relative=0x00000000000003cc
Event: 2.207 Thread 0x000002599fc14030 Uncommon trap: reason=unstable_if action=reinterpret pc=0x00000259aee5d50c method=java.lang.StringLatin1.canEncode(I)Z @ 4 c2
Event: 2.207 Thread 0x000002599fc14030 DEOPT PACKING pc=0x00000259aee5d50c sp=0x000000d8998fdbf0
Event: 2.207 Thread 0x000002599fc14030 DEOPT UNPACKING pc=0x00000259a73cd72e sp=0x000000d8998fdb18 mode 2
Event: 2.207 Thread 0x000002599fc14030 Uncommon trap: trap_request=0xffffff45 fr.pc=0x00000259aee6347c relative=0x000000000000005c
Event: 2.207 Thread 0x000002599fc14030 Uncommon trap: reason=unstable_if action=reinterpret pc=0x00000259aee6347c method=java.lang.AbstractStringBuilder.isLatin1()Z @ 10 c2
Event: 2.207 Thread 0x000002599fc14030 DEOPT PACKING pc=0x00000259aee6347c sp=0x000000d8998fdbc0
Event: 2.207 Thread 0x000002599fc14030 DEOPT UNPACKING pc=0x00000259a73cd72e sp=0x000000d8998fdb50 mode 2
Event: 2.780 Thread 0x000002599fc14030 Uncommon trap: trap_request=0xffffff45 fr.pc=0x00000259aee6ffcc relative=0x00000000000000ac
Event: 2.780 Thread 0x000002599fc14030 Uncommon trap: reason=unstable_if action=reinterpret pc=0x00000259aee6ffcc method=org.codehaus.plexus.util.xml.pull.MXParser.more()C @ 8 c2
Event: 2.780 Thread 0x000002599fc14030 DEOPT PACKING pc=0x00000259aee6ffcc sp=0x000000d8998fdc00
Event: 2.780 Thread 0x000002599fc14030 DEOPT UNPACKING pc=0x00000259a73cd72e sp=0x000000d8998fdb90 mode 2
Event: 2.811 Thread 0x000002599fc14030 DEOPT PACKING pc=0x00000259a7a644c2 sp=0x000000d8998fd640
Event: 2.811 Thread 0x000002599fc14030 DEOPT UNPACKING pc=0x00000259a73cdece sp=0x000000d8998fca90 mode 0
Event: 2.820 Thread 0x000002599fc14030 Uncommon trap: trap_request=0xffffff45 fr.pc=0x00000259aee93ed4 relative=0x00000000000016d4
Event: 2.820 Thread 0x000002599fc14030 Uncommon trap: reason=unstable_if action=reinterpret pc=0x00000259aee93ed4 method=java.nio.charset.CoderResult.isOverflow()Z @ 5 c2
Event: 2.820 Thread 0x000002599fc14030 DEOPT PACKING pc=0x00000259aee93ed4 sp=0x000000d8998fd7a0
Event: 2.820 Thread 0x000002599fc14030 DEOPT UNPACKING pc=0x00000259a73cd72e sp=0x000000d8998fd4c0 mode 2

Classes unloaded (0 events):
No events

Classes redefined (0 events):
No events

Internal exceptions (2 events):
Event: 2.339 Thread 0x000002599fc14030 Exception <a 'java/lang/NoSuchMethodError'{0x00000000a6ac3ec8}: 'void java.lang.invoke.DirectMethodHandle$Holder.invokeSpecial(java.lang.Object, java.lang.Object, java.lang.Object)'> (0x00000000a6ac3ec8) 
thrown [t:\workspace\open\src\hotspot\share\interpreter\linkResolver.cpp, line 790]
Event: 2.688 Thread 0x000002599fc14030 Exception <a 'java/lang/NoSuchMethodError'{0x00000000a7103760}: 'java.lang.Object java.lang.invoke.DirectMethodHandle$Holder.newInvokeSpecial(java.lang.Object, java.lang.Object, java.lang.Object, java.lang.Object, java.lang.Object)'> (0x00000000a7103760) 
thrown [t:\workspace\open\src\hotspot\share\interpreter\linkResolver.cpp, line 790]

Events (20 events):
Event: 2.745 loading class sun/reflect/generics/repository/AbstractRepository done
Event: 2.745 loading class sun/reflect/generics/repository/GenericDeclRepository done
Event: 2.745 loading class sun/reflect/generics/repository/ClassRepository done
Event: 2.745 loading class sun/reflect/generics/tree/FormalTypeParameter
Event: 2.745 loading class sun/reflect/generics/tree/FormalTypeParameter done
Event: 2.745 loading class sun/reflect/generics/tree/ClassSignature
Event: 2.746 loading class sun/reflect/generics/tree/Signature
Event: 2.746 loading class sun/reflect/generics/tree/Signature done
Event: 2.746 loading class sun/reflect/generics/tree/ClassSignature done
Event: 2.746 loading class java/lang/reflect/TypeVariable
Event: 2.746 loading class java/lang/reflect/TypeVariable done
Event: 2.746 loading class java/lang/reflect/WildcardType
Event: 2.746 loading class java/lang/reflect/WildcardType done
Event: 2.749 loading class sun/reflect/generics/tree/TypeVariableSignature
Event: 2.749 loading class sun/reflect/generics/tree/TypeVariableSignature done
Event: 2.775 loading class java/lang/annotation/IncompleteAnnotationException
Event: 2.775 loading class java/lang/annotation/IncompleteAnnotationException done
Event: 2.805 Thread 0x00000259bd5e0810 Thread added: 0x00000259bd5e0810
Event: 2.821 loading class jdk/internal/access/foreign/MemorySegmentProxy
Event: 2.821 loading class jdk/internal/access/foreign/MemorySegmentProxy done


Dynamic libraries:
0x00007ff6fed80000 - 0x00007ff6fed90000 	C:\Program Files\Java\jdk-16.0.1\bin\java.exe
0x00007ff99a840000 - 0x00007ff99aa30000 	C:\Windows\SYSTEM32\ntdll.dll
0x00007ff998ef0000 - 0x00007ff998fa2000 	C:\Windows\System32\KERNEL32.DLL
0x00007ff998530000 - 0x00007ff9987d3000 	C:\Windows\System32\KERNELBASE.dll
0x00007ff9983b0000 - 0x00007ff9984aa000 	C:\Windows\System32\ucrtbase.dll
0x00007ff97a3e0000 - 0x00007ff97a3f9000 	C:\Program Files\Java\jdk-16.0.1\bin\VCRUNTIME140.dll
0x00007ff97a5e0000 - 0x00007ff97a5f8000 	C:\Program Files\Java\jdk-16.0.1\bin\jli.dll
0x00007ff99a0d0000 - 0x00007ff99a173000 	C:\Windows\System32\ADVAPI32.dll
0x00007ff999b60000 - 0x00007ff999bfe000 	C:\Windows\System32\msvcrt.dll
0x00007ff999e80000 - 0x00007ff999f17000 	C:\Windows\System32\sechost.dll
0x00007ff998fb0000 - 0x00007ff9990d0000 	C:\Windows\System32\RPCRT4.dll
0x00007ff999c00000 - 0x00007ff999d94000 	C:\Windows\System32\USER32.dll
0x00007ff998500000 - 0x00007ff998521000 	C:\Windows\System32\win32u.dll
0x00007ff9843b0000 - 0x00007ff984635000 	C:\Windows\WinSxS\amd64_microsoft.windows.common-controls_6595b64144ccf1df_6.0.18362.418_none_e6c6b287130d565d\COMCTL32.dll
0x00007ff999f20000 - 0x00007ff999f46000 	C:\Windows\System32\GDI32.dll
0x00007ff998a00000 - 0x00007ff998d36000 	C:\Windows\System32\combase.dll
0x00007ff998070000 - 0x00007ff998204000 	C:\Windows\System32\gdi32full.dll
0x00007ff997850000 - 0x00007ff9978ee000 	C:\Windows\System32\msvcp_win.dll
0x00007ff9977d0000 - 0x00007ff997850000 	C:\Windows\System32\bcryptPrimitives.dll
0x00007ff991d40000 - 0x00007ff991d4a000 	C:\Windows\SYSTEM32\VERSION.dll
0x00007ff9989d0000 - 0x00007ff9989fe000 	C:\Windows\System32\IMM32.DLL
0x00007ff97a5d0000 - 0x00007ff97a5dc000 	C:\Program Files\Java\jdk-16.0.1\bin\vcruntime140_1.dll
0x00007ff973450000 - 0x00007ff9734e1000 	C:\Program Files\Java\jdk-16.0.1\bin\msvcp140.dll
0x00007ff94cc80000 - 0x00007ff94d82b000 	C:\Program Files\Java\jdk-16.0.1\bin\server\jvm.dll
0x00007ff999e70000 - 0x00007ff999e78000 	C:\Windows\System32\PSAPI.DLL
0x00007ff98b180000 - 0x00007ff98b189000 	C:\Windows\SYSTEM32\WSOCK32.dll
0x00007ff995750000 - 0x00007ff995774000 	C:\Windows\SYSTEM32\WINMM.dll
0x00007ff999170000 - 0x00007ff9991df000 	C:\Windows\System32\WS2_32.dll
0x00007ff995620000 - 0x00007ff99564d000 	C:\Windows\SYSTEM32\winmmbase.dll
0x00007ff998360000 - 0x00007ff9983aa000 	C:\Windows\System32\cfgmgr32.dll
0x00007ff997720000 - 0x00007ff997731000 	C:\Windows\System32\kernel.appcore.dll
0x00007ff974660000 - 0x00007ff97466a000 	C:\Program Files\Java\jdk-16.0.1\bin\jimage.dll
0x00007ff990d90000 - 0x00007ff990f84000 	C:\Windows\SYSTEM32\DBGHELP.DLL
0x00007ff98f960000 - 0x00007ff98f98a000 	C:\Windows\SYSTEM32\dbgcore.DLL
0x00007ff9735f0000 - 0x00007ff973615000 	C:\Program Files\Java\jdk-16.0.1\bin\java.dll
0x00007ff9991e0000 - 0x00007ff9998c5000 	C:\Windows\System32\SHELL32.dll
0x00007ff99a5f0000 - 0x00007ff99a699000 	C:\Windows\System32\shcore.dll
0x00007ff9978f0000 - 0x00007ff99806f000 	C:\Windows\System32\windows.storage.dll
0x00007ff997790000 - 0x00007ff9977af000 	C:\Windows\System32\profapi.dll
0x00007ff997740000 - 0x00007ff99778a000 	C:\Windows\System32\powrprof.dll
0x00007ff997710000 - 0x00007ff997720000 	C:\Windows\System32\UMPDC.dll
0x00007ff999b00000 - 0x00007ff999b52000 	C:\Windows\System32\shlwapi.dll
0x00007ff9984e0000 - 0x00007ff9984f7000 	C:\Windows\System32\cryptsp.dll
0x00007ff9735d0000 - 0x00007ff9735e9000 	C:\Program Files\Java\jdk-16.0.1\bin\net.dll
0x00007ff98c560000 - 0x00007ff98c650000 	C:\Windows\SYSTEM32\WINHTTP.dll
0x00007ff996ed0000 - 0x00007ff996f37000 	C:\Windows\system32\mswsock.dll
0x00007ff9735b0000 - 0x00007ff9735c3000 	C:\Program Files\Java\jdk-16.0.1\bin\nio.dll
0x00007ff96cb50000 - 0x00007ff96cb68000 	C:\Program Files\Java\jdk-16.0.1\bin\zip.dll
0x00007ff9735a0000 - 0x00007ff9735b0000 	C:\Program Files\Java\jdk-16.0.1\bin\verify.dll
0x00007ff9957b0000 - 0x00007ff9957ba000 	D:\apache-maven-3.8.1\lib\jansi-native\windows64\jansi.dll

dbghelp: loaded successfully - version: 4.0.5 - missing functions: none
symbol engine: initialized successfully - sym options: 0x614 - pdb path: .;C:\Program Files\Java\jdk-16.0.1\bin;C:\Windows\SYSTEM32;C:\Windows\WinSxS\amd64_microsoft.windows.common-controls_6595b64144ccf1df_6.0.18362.418_none_e6c6b287130d565d;C:\Program Files\Java\jdk-16.0.1\bin\server;D:\apache-maven-3.8.1\lib\jansi-native\windows64

VM Arguments:
jvm_args: -Dclassworlds.conf=D:\apache-maven-3.8.1\bin\..\bin\m2.conf -Dmaven.home=D:\apache-maven-3.8.1\bin\.. -Dlibrary.jansi.path=D:\apache-maven-3.8.1\bin\..\lib\jansi-native -Dmaven.multiModuleProjectDirectory=D:\Users\Gilson José.DESKTOP-TTETHU6\Documents\GitHub\CadastrodeClientes-angular-springJava-\backend 
java_command: org.codehaus.plexus.classworlds.launcher.Launcher spring-boot:run
java_class_path (initial): D:\apache-maven-3.8.1\bin\..\boot\plexus-classworlds-2.6.0.jar
Launcher Type: SUN_STANDARD

[Global flags]
     intx CICompilerCount                          = 3                                         {product} {ergonomic}
     uint ConcGCThreads                            = 1                                         {product} {ergonomic}
     uint G1ConcRefinementThreads                  = 4                                         {product} {ergonomic}
   size_t G1HeapRegionSize                         = 1048576                                   {product} {ergonomic}
    uintx GCDrainStackTargetSize                   = 64                                        {product} {ergonomic}
   size_t InitialHeapSize                          = 100663296                                 {product} {ergonomic}
   size_t MarkStackSize                            = 4194304                                   {product} {ergonomic}
   size_t MaxHeapSize                              = 1589641216                                {product} {ergonomic}
   size_t MaxNewSize                               = 953155584                                 {product} {ergonomic}
   size_t MinHeapDeltaBytes                        = 1048576                                   {product} {ergonomic}
   size_t MinHeapSize                              = 8388608                                   {product} {ergonomic}
    uintx NonNMethodCodeHeapSize                   = 5832780                                {pd product} {ergonomic}
    uintx NonProfiledCodeHeapSize                  = 122912730                              {pd product} {ergonomic}
    uintx ProfiledCodeHeapSize                     = 122912730                              {pd product} {ergonomic}
    uintx ReservedCodeCacheSize                    = 251658240                              {pd product} {ergonomic}
     bool SegmentedCodeCache                       = true                                      {product} {ergonomic}
   size_t SoftMaxHeapSize                          = 1589641216                             {manageable} {ergonomic}
     bool UseCompressedClassPointers               = true                           {product lp64_product} {ergonomic}
     bool UseCompressedOops                        = true                           {product lp64_product} {ergonomic}
     bool UseG1GC                                  = true                                      {product} {ergonomic}
     bool UseLargePagesIndividualAllocation        = false                                  {pd product} {ergonomic}

Logging:
Log output configuration:
 #0: stdout all=warning uptime,level,tags
 #1: stderr all=off uptime,level,tags

Environment Variables:
PATH=C:\Program Files\Common Files\Oracle\Java\javapath;C:\Program Files (x86)\Common Files\Oracle\Java\javapath;C:\Windows\system32;C:\Windows;C:\Windows\System32\Wbem;C:\Windows\System32\WindowsPowerShell\v1.0\;C:\Windows\System32\OpenSSH\;C:\Program Files\Docker\Docker\resources\bin;D:\ProgramData\DockerDesktop\version-bin;D:\nodejs\;C:\xampp\php;C:\composer;D:\Users\Gilson José.DESKTOP-TTETHU6\AppData\Local\Programs\Python\Python39\Scripts\;D:\Users\Gilson José.DESKTOP-TTETHU6\AppData\Local\Programs\Python\Python39\;D:\Users\Gilson José.DESKTOP-TTETHU6\AppData\Local\Microsoft\WindowsApps;D:\Users\Gilson José.DESKTOP-TTETHU6\AppData\Local\Programs\Microsoft VS Code\bin;D:\Users\Gilson José.DESKTOP-TTETHU6\AppData\Roaming\npm;D:\Users\Gilson José.DESKTOP-TTETHU6\composer;D:\Users\Gilson José.DESKTOP-TTETHU6\AppData\Roaming\Composer\vendor\bin;D:\Users\Gilson José.DESKTOP-TTETHU6\AppData\Local\GitHubDesktop\bin;D:\xampp\php;D:\apache-maven-3.8.1\bin;;D:\Programas\IntelliJ IDEA 2019.2.2\bin;
USERNAME=Gilson José
OS=Windows_NT
PROCESSOR_IDENTIFIER=Intel64 Family 6 Model 60 Stepping 3, GenuineIntel



---------------  S Y S T E M  ---------------

OS:
 Windows 10 , 64 bit Build 18362 (10.0.18362.329)
OS uptime: 0 days 0:12 hours
Hyper-V role detected

CPU: total 4 (initial active 4) (2 cores per cpu, 2 threads per core) family 6 model 60 stepping 3 microcode 0x28, cx8, cmov, fxsr, ht, mmx, sse, sse2, sse3, ssse3, sse4.1, sse4.2, popcnt, lzcnt, tsc, tscinvbit, avx, avx2, aes, erms, clmul, bmi1, bmi2, fma, vzeroupper, clflush, hv

Memory: 4k page, system-wide physical 6063M (601M free)
TotalPageFile size 6063M (AvailPageFile size 5M)
current process WorkingSet (physical memory assigned to process): 66M, peak: 66M
current process commit charge ("private bytes"): 184M, peak: 185M

vm_info: Java HotSpot(TM) 64-Bit Server VM (16.0.1+9-24) for windows-amd64 JRE (16.0.1+9-24), built on Mar 26 2021 19:31:42 by "mach5one" with MS VC++ 16.7 (VS2019)

END.
