#
# There is insufficient memory for the Java Runtime Environment to continue.
# Native memory allocation (malloc) failed to allocate 32744 bytes for ChunkPool::allocate
# Possible reasons:
#   The system is out of physical RAM or swap space
#   The process is running with CompressedOops enabled, and the Java Heap may be blocking the growth of the native heap
# Possible solutions:
#   Reduce memory load on the system
#   Increase physical memory or swap space
#   Check if swap backing store is full
#   Decrease Java heap size (-Xmx/-Xms)
#   Decrease number of Java threads
#   Decrease Java thread stack sizes (-Xss)
#   Set larger code cache with -XX:ReservedCodeCacheSize=
#   JVM is running with Unscaled Compressed Oops mode in which the Java heap is
#     placed in the first 4GB address space. The Java Heap base address is the
#     maximum limit for the native heap growth. Please use -XX:HeapBaseMinAddress
#     to set the Java Heap base and to place the Java Heap above 4GB virtual address.
# This output file may be truncated or incomplete.
#
#  Out of Memory Error (./open/src/hotspot/share/memory/arena.cpp:81), pid=8268, tid=3300
#
# JRE version: Java(TM) SE Runtime Environment 18.9 (11.0.13+10) (build 11.0.13+10-LTS-370)
# Java VM: Java HotSpot(TM) 64-Bit Server VM 18.9 (11.0.13+10-LTS-370, mixed mode, tiered, compressed oops, g1 gc, windows-amd64)
# No core dump will be written. Minidumps are not enabled by default on client versions of Windows
#

---------------  S U M M A R Y ------------

Command Line: -XX:TieredStopAtLevel=1 -Xverify:none -Dspring.output.ansi.enabled=always -javaagent:D:\JetBrains\IntelliJ IDEA 2021.3\lib\idea_rt.jar=60258:D:\JetBrains\IntelliJ IDEA 2021.3\bin -Dcom.sun.management.jmxremote -Dspring.jmx.enabled=true -Dspring.liveBeansView.mbeanDomain -Dspring.application.admin.enabled=true -Dfile.encoding=UTF-8 com.oquedadinheiro.customer.CustomerApplication

Host: Intel(R) Core(TM) i3-4130 CPU @ 3.40GHz, 4 cores, 7G,  Windows 10 , 64 bit Build 18362 (10.0.18362.329)
Time: Tue May  3 23:12:39 2022 Hora oficial do Brasil elapsed time: 2.801054 seconds (0d 0h 0m 2s)

---------------  T H R E A D  ---------------

Current thread (0x000002581ef83000):  JavaThread "C1 CompilerThread0" daemon [_thread_in_native, id=3300, stack(0x0000008dbd100000,0x0000008dbd200000)]


Current CompileTask:
C1:   2801 1116       1       java.net.URLStreamHandler::parseURL (1201 bytes)

Stack: [0x0000008dbd100000,0x0000008dbd200000]
Native frames: (J=compiled Java code, j=interpreted, Vv=VM code, C=native code)
V  [jvm.dll+0x62870a]
V  [jvm.dll+0x761f2f]
V  [jvm.dll+0x7635d9]
V  [jvm.dll+0x763c63]
V  [jvm.dll+0x23d728]
V  [jvm.dll+0xb2b9b]
V  [jvm.dll+0xb2efc]
V  [jvm.dll+0x17607d]
V  [jvm.dll+0x12fed2]
V  [jvm.dll+0x12eb37]
V  [jvm.dll+0x117e6d]
V  [jvm.dll+0x118100]
V  [jvm.dll+0x1183bf]
V  [jvm.dll+0x117667]
V  [jvm.dll+0x119537]
V  [jvm.dll+0x206d84]
V  [jvm.dll+0x204ebb]
V  [jvm.dll+0x727e70]
V  [jvm.dll+0x720a54]
V  [jvm.dll+0x627606]
C  [ucrtbase.dll+0x20e72]
C  [KERNEL32.DLL+0x17bd4]
C  [ntdll.dll+0x6ced1]


---------------  P R O C E S S  ---------------

Threads class SMR info:
_java_thread_list=0x000002581fed6780, length=11, elements={
0x000002587fd2b000, 0x000002581ef65800, 0x000002581ef68000, 0x000002581f8f2800,
0x000002581ef7f000, 0x000002581ef80800, 0x000002581ef83000, 0x000002581ef8b000,
0x000002581eef2000, 0x000002581fd46800, 0x000002581ff1e800
}

Java Threads: ( => current thread )
  0x000002587fd2b000 JavaThread "main" [_thread_in_Java, id=12156, stack(0x0000008dbc500000,0x0000008dbc600000)]
  0x000002581ef65800 JavaThread "Reference Handler" daemon [_thread_blocked, id=3156, stack(0x0000008dbcc00000,0x0000008dbcd00000)]
  0x000002581ef68000 JavaThread "Finalizer" daemon [_thread_blocked, id=10088, stack(0x0000008dbcd00000,0x0000008dbce00000)]
  0x000002581f8f2800 JavaThread "Signal Dispatcher" daemon [_thread_blocked, id=10836, stack(0x0000008dbce00000,0x0000008dbcf00000)]
  0x000002581ef7f000 JavaThread "Attach Listener" daemon [_thread_blocked, id=776, stack(0x0000008dbcf00000,0x0000008dbd000000)]
  0x000002581ef80800 JavaThread "Service Thread" daemon [_thread_blocked, id=2508, stack(0x0000008dbd000000,0x0000008dbd100000)]
=>0x000002581ef83000 JavaThread "C1 CompilerThread0" daemon [_thread_in_native, id=3300, stack(0x0000008dbd100000,0x0000008dbd200000)]
  0x000002581ef8b000 JavaThread "Sweeper thread" daemon [_thread_blocked, id=240, stack(0x0000008dbd200000,0x0000008dbd300000)]
  0x000002581eef2000 JavaThread "Common-Cleaner" daemon [_thread_blocked, id=12024, stack(0x0000008dbd300000,0x0000008dbd400000)]
  0x000002581fd46800 JavaThread "Monitor Ctrl-Break" daemon [_thread_in_native, id=3732, stack(0x0000008dbd400000,0x0000008dbd500000)]
  0x000002581ff1e800 JavaThread "RMI TCP Accept-0" daemon [_thread_in_native, id=10868, stack(0x0000008dbd500000,0x0000008dbd600000)]

Other Threads:
  0x000002581ef3c800 VMThread "VM Thread" [stack: 0x0000008dbcb00000,0x0000008dbcc00000] [id=1448]
  0x000002581ff40000 WatcherThread [stack: 0x0000008dbd600000,0x0000008dbd700000] [id=3164]
  0x000002587fd40800 GCTaskThread "GC Thread#0" [stack: 0x0000008dbc600000,0x0000008dbc700000] [id=620]
  0x0000025820006000 GCTaskThread "GC Thread#1" [stack: 0x0000008dbd700000,0x0000008dbd800000] [id=7664]
  0x0000025820007000 GCTaskThread "GC Thread#2" [stack: 0x0000008dbd800000,0x0000008dbd900000] [id=11428]
  0x000002587fd6f800 ConcurrentGCThread "G1 Main Marker" [stack: 0x0000008dbc700000,0x0000008dbc800000] [id=10772]
  0x000002587fd72000 ConcurrentGCThread "G1 Conc#0" [stack: 0x0000008dbc800000,0x0000008dbc900000] [id=8784]
  0x000002581eda4800 ConcurrentGCThread "G1 Refine#0" [stack: 0x0000008dbc900000,0x0000008dbca00000] [id=9768]
  0x000002581fb7b000 ConcurrentGCThread "G1 Refine#1" [stack: 0x0000008dbd900000,0x0000008dbda00000] [id=5736]
  0x000002581eda5800 ConcurrentGCThread "G1 Young RemSet Sampling" [stack: 0x0000008dbca00000,0x0000008dbcb00000] [id=11068]

Threads with active compile tasks:
C1 CompilerThread0   2897 1116       1       java.net.URLStreamHandler::parseURL (1201 bytes)

VM state:not at safepoint (normal execution)

VM Mutex/Monitor currently owned by a thread: None

Heap address: 0x0000000081400000, size: 2028 MB, Compressed Oops mode: 32-bit
Narrow klass base: 0x0000000000000000, Narrow klass shift: 3
Compressed class space size: 1073741824 Address: 0x0000000100000000

Heap:
 garbage-first heap   total 131072K, used 11301K [0x0000000081400000, 0x0000000100000000)
  region size 1024K, 8 young (8192K), 2 survivors (2048K)
 Metaspace       used 13293K, capacity 13631K, committed 13824K, reserved 1060864K
  class space    used 1383K, capacity 1511K, committed 1536K, reserved 1048576K
Heap Regions: E=young(eden), S=young(survivor), O=old, HS=humongous(starts), HC=humongous(continues), CS=collection set, F=free, A=archive, TAMS=top-at-mark-start (previous, next)
|   0|0x0000000081400000, 0x0000000081500000, 0x0000000081500000|100%|HS|  |TAMS 0x0000000081400000, 0x0000000081400000| Complete 
|   1|0x0000000081500000, 0x0000000081600000, 0x0000000081600000|100%| O|  |TAMS 0x0000000081500000, 0x0000000081500000| Untracked 
|   2|0x0000000081600000, 0x0000000081700000, 0x0000000081700000|100%| O|  |TAMS 0x0000000081600000, 0x0000000081600000| Untracked 
|   3|0x0000000081700000, 0x0000000081800000, 0x0000000081800000|100%| O|  |TAMS 0x0000000081700000, 0x0000000081700000| Untracked 
|   4|0x0000000081800000, 0x0000000081809600, 0x0000000081900000|  3%| O|  |TAMS 0x0000000081800000, 0x0000000081800000| Untracked 
|   5|0x0000000081900000, 0x0000000081900000, 0x0000000081a00000|  0%| F|  |TAMS 0x0000000081900000, 0x0000000081900000| Untracked 
|   6|0x0000000081a00000, 0x0000000081a00000, 0x0000000081b00000|  0%| F|  |TAMS 0x0000000081a00000, 0x0000000081a00000| Untracked 
|   7|0x0000000081b00000, 0x0000000081b00000, 0x0000000081c00000|  0%| F|  |TAMS 0x0000000081b00000, 0x0000000081b00000| Untracked 
|   8|0x0000000081c00000, 0x0000000081c00000, 0x0000000081d00000|  0%| F|  |TAMS 0x0000000081c00000, 0x0000000081c00000| Untracked 
|   9|0x0000000081d00000, 0x0000000081d00000, 0x0000000081e00000|  0%| F|  |TAMS 0x0000000081d00000, 0x0000000081d00000| Untracked 
|  10|0x0000000081e00000, 0x0000000081e00000, 0x0000000081f00000|  0%| F|  |TAMS 0x0000000081e00000, 0x0000000081e00000| Untracked 
|  11|0x0000000081f00000, 0x0000000081f00000, 0x0000000082000000|  0%| F|  |TAMS 0x0000000081f00000, 0x0000000081f00000| Untracked 
|  12|0x0000000082000000, 0x0000000082000000, 0x0000000082100000|  0%| F|  |TAMS 0x0000000082000000, 0x0000000082000000| Untracked 
|  13|0x0000000082100000, 0x0000000082100000, 0x0000000082200000|  0%| F|  |TAMS 0x0000000082100000, 0x0000000082100000| Untracked 
|  14|0x0000000082200000, 0x0000000082200000, 0x0000000082300000|  0%| F|  |TAMS 0x0000000082200000, 0x0000000082200000| Untracked 
|  15|0x0000000082300000, 0x0000000082300000, 0x0000000082400000|  0%| F|  |TAMS 0x0000000082300000, 0x0000000082300000| Untracked 
|  16|0x0000000082400000, 0x0000000082400000, 0x0000000082500000|  0%| F|  |TAMS 0x0000000082400000, 0x0000000082400000| Untracked 
|  17|0x0000000082500000, 0x0000000082500000, 0x0000000082600000|  0%| F|  |TAMS 0x0000000082500000, 0x0000000082500000| Untracked 
|  18|0x0000000082600000, 0x0000000082600000, 0x0000000082700000|  0%| F|  |TAMS 0x0000000082600000, 0x0000000082600000| Untracked 
|  19|0x0000000082700000, 0x0000000082700000, 0x0000000082800000|  0%| F|  |TAMS 0x0000000082700000, 0x0000000082700000| Untracked 
|  20|0x0000000082800000, 0x0000000082800000, 0x0000000082900000|  0%| F|  |TAMS 0x0000000082800000, 0x0000000082800000| Untracked 
|  21|0x0000000082900000, 0x0000000082900000, 0x0000000082a00000|  0%| F|  |TAMS 0x0000000082900000, 0x0000000082900000| Untracked 
|  22|0x0000000082a00000, 0x0000000082a00000, 0x0000000082b00000|  0%| F|  |TAMS 0x0000000082a00000, 0x0000000082a00000| Untracked 
|  23|0x0000000082b00000, 0x0000000082b00000, 0x0000000082c00000|  0%| F|  |TAMS 0x0000000082b00000, 0x0000000082b00000| Untracked 
|  24|0x0000000082c00000, 0x0000000082c00000, 0x0000000082d00000|  0%| F|  |TAMS 0x0000000082c00000, 0x0000000082c00000| Untracked 
|  25|0x0000000082d00000, 0x0000000082d00000, 0x0000000082e00000|  0%| F|  |TAMS 0x0000000082d00000, 0x0000000082d00000| Untracked 
|  26|0x0000000082e00000, 0x0000000082e00000, 0x0000000082f00000|  0%| F|  |TAMS 0x0000000082e00000, 0x0000000082e00000| Untracked 
|  27|0x0000000082f00000, 0x0000000082f00000, 0x0000000083000000|  0%| F|  |TAMS 0x0000000082f00000, 0x0000000082f00000| Untracked 
|  28|0x0000000083000000, 0x0000000083000000, 0x0000000083100000|  0%| F|  |TAMS 0x0000000083000000, 0x0000000083000000| Untracked 
|  29|0x0000000083100000, 0x0000000083100000, 0x0000000083200000|  0%| F|  |TAMS 0x0000000083100000, 0x0000000083100000| Untracked 
|  30|0x0000000083200000, 0x0000000083200000, 0x0000000083300000|  0%| F|  |TAMS 0x0000000083200000, 0x0000000083200000| Untracked 
|  31|0x0000000083300000, 0x0000000083300000, 0x0000000083400000|  0%| F|  |TAMS 0x0000000083300000, 0x0000000083300000| Untracked 
|  32|0x0000000083400000, 0x0000000083400000, 0x0000000083500000|  0%| F|  |TAMS 0x0000000083400000, 0x0000000083400000| Untracked 
|  33|0x0000000083500000, 0x0000000083500000, 0x0000000083600000|  0%| F|  |TAMS 0x0000000083500000, 0x0000000083500000| Untracked 
|  34|0x0000000083600000, 0x0000000083600000, 0x0000000083700000|  0%| F|  |TAMS 0x0000000083600000, 0x0000000083600000| Untracked 
|  35|0x0000000083700000, 0x0000000083700000, 0x0000000083800000|  0%| F|  |TAMS 0x0000000083700000, 0x0000000083700000| Untracked 
|  36|0x0000000083800000, 0x0000000083800000, 0x0000000083900000|  0%| F|  |TAMS 0x0000000083800000, 0x0000000083800000| Untracked 
|  37|0x0000000083900000, 0x0000000083900000, 0x0000000083a00000|  0%| F|  |TAMS 0x0000000083900000, 0x0000000083900000| Untracked 
|  38|0x0000000083a00000, 0x0000000083a00000, 0x0000000083b00000|  0%| F|  |TAMS 0x0000000083a00000, 0x0000000083a00000| Untracked 
|  39|0x0000000083b00000, 0x0000000083b00000, 0x0000000083c00000|  0%| F|  |TAMS 0x0000000083b00000, 0x0000000083b00000| Untracked 
|  40|0x0000000083c00000, 0x0000000083c00000, 0x0000000083d00000|  0%| F|  |TAMS 0x0000000083c00000, 0x0000000083c00000| Untracked 
|  41|0x0000000083d00000, 0x0000000083d00000, 0x0000000083e00000|  0%| F|  |TAMS 0x0000000083d00000, 0x0000000083d00000| Untracked 
|  42|0x0000000083e00000, 0x0000000083e00000, 0x0000000083f00000|  0%| F|  |TAMS 0x0000000083e00000, 0x0000000083e00000| Untracked 
|  43|0x0000000083f00000, 0x0000000083f00000, 0x0000000084000000|  0%| F|  |TAMS 0x0000000083f00000, 0x0000000083f00000| Untracked 
|  44|0x0000000084000000, 0x0000000084000000, 0x0000000084100000|  0%| F|  |TAMS 0x0000000084000000, 0x0000000084000000| Untracked 
|  45|0x0000000084100000, 0x0000000084100000, 0x0000000084200000|  0%| F|  |TAMS 0x0000000084100000, 0x0000000084100000| Untracked 
|  46|0x0000000084200000, 0x0000000084200000, 0x0000000084300000|  0%| F|  |TAMS 0x0000000084200000, 0x0000000084200000| Untracked 
|  47|0x0000000084300000, 0x0000000084300000, 0x0000000084400000|  0%| F|  |TAMS 0x0000000084300000, 0x0000000084300000| Untracked 
|  48|0x0000000084400000, 0x0000000084400000, 0x0000000084500000|  0%| F|  |TAMS 0x0000000084400000, 0x0000000084400000| Untracked 
|  49|0x0000000084500000, 0x0000000084500000, 0x0000000084600000|  0%| F|  |TAMS 0x0000000084500000, 0x0000000084500000| Untracked 
|  50|0x0000000084600000, 0x0000000084600000, 0x0000000084700000|  0%| F|  |TAMS 0x0000000084600000, 0x0000000084600000| Untracked 
|  51|0x0000000084700000, 0x0000000084700000, 0x0000000084800000|  0%| F|  |TAMS 0x0000000084700000, 0x0000000084700000| Untracked 
|  52|0x0000000084800000, 0x0000000084800000, 0x0000000084900000|  0%| F|  |TAMS 0x0000000084800000, 0x0000000084800000| Untracked 
|  53|0x0000000084900000, 0x0000000084900000, 0x0000000084a00000|  0%| F|  |TAMS 0x0000000084900000, 0x0000000084900000| Untracked 
|  54|0x0000000084a00000, 0x0000000084a00000, 0x0000000084b00000|  0%| F|  |TAMS 0x0000000084a00000, 0x0000000084a00000| Untracked 
|  55|0x0000000084b00000, 0x0000000084b00000, 0x0000000084c00000|  0%| F|  |TAMS 0x0000000084b00000, 0x0000000084b00000| Untracked 
|  56|0x0000000084c00000, 0x0000000084c00000, 0x0000000084d00000|  0%| F|  |TAMS 0x0000000084c00000, 0x0000000084c00000| Untracked 
|  57|0x0000000084d00000, 0x0000000084d00000, 0x0000000084e00000|  0%| F|  |TAMS 0x0000000084d00000, 0x0000000084d00000| Untracked 
|  58|0x0000000084e00000, 0x0000000084e00000, 0x0000000084f00000|  0%| F|  |TAMS 0x0000000084e00000, 0x0000000084e00000| Untracked 
|  59|0x0000000084f00000, 0x0000000084f00000, 0x0000000085000000|  0%| F|  |TAMS 0x0000000084f00000, 0x0000000084f00000| Untracked 
|  60|0x0000000085000000, 0x0000000085000000, 0x0000000085100000|  0%| F|  |TAMS 0x0000000085000000, 0x0000000085000000| Untracked 
|  61|0x0000000085100000, 0x0000000085100000, 0x0000000085200000|  0%| F|  |TAMS 0x0000000085100000, 0x0000000085100000| Untracked 
|  62|0x0000000085200000, 0x0000000085200000, 0x0000000085300000|  0%| F|  |TAMS 0x0000000085200000, 0x0000000085200000| Untracked 
|  63|0x0000000085300000, 0x0000000085300000, 0x0000000085400000|  0%| F|  |TAMS 0x0000000085300000, 0x0000000085300000| Untracked 
|  64|0x0000000085400000, 0x0000000085400000, 0x0000000085500000|  0%| F|  |TAMS 0x0000000085400000, 0x0000000085400000| Untracked 
|  65|0x0000000085500000, 0x0000000085500000, 0x0000000085600000|  0%| F|  |TAMS 0x0000000085500000, 0x0000000085500000| Untracked 
|  66|0x0000000085600000, 0x0000000085600000, 0x0000000085700000|  0%| F|  |TAMS 0x0000000085600000, 0x0000000085600000| Untracked 
|  67|0x0000000085700000, 0x0000000085700000, 0x0000000085800000|  0%| F|  |TAMS 0x0000000085700000, 0x0000000085700000| Untracked 
|  68|0x0000000085800000, 0x0000000085800000, 0x0000000085900000|  0%| F|  |TAMS 0x0000000085800000, 0x0000000085800000| Untracked 
|  69|0x0000000085900000, 0x0000000085900000, 0x0000000085a00000|  0%| F|  |TAMS 0x0000000085900000, 0x0000000085900000| Untracked 
|  70|0x0000000085a00000, 0x0000000085a00000, 0x0000000085b00000|  0%| F|  |TAMS 0x0000000085a00000, 0x0000000085a00000| Untracked 
|  71|0x0000000085b00000, 0x0000000085b00000, 0x0000000085c00000|  0%| F|  |TAMS 0x0000000085b00000, 0x0000000085b00000| Untracked 
|  72|0x0000000085c00000, 0x0000000085c00000, 0x0000000085d00000|  0%| F|  |TAMS 0x0000000085c00000, 0x0000000085c00000| Untracked 
|  73|0x0000000085d00000, 0x0000000085d00000, 0x0000000085e00000|  0%| F|  |TAMS 0x0000000085d00000, 0x0000000085d00000| Untracked 
|  74|0x0000000085e00000, 0x0000000085e00000, 0x0000000085f00000|  0%| F|  |TAMS 0x0000000085e00000, 0x0000000085e00000| Untracked 
|  75|0x0000000085f00000, 0x0000000085f00000, 0x0000000086000000|  0%| F|  |TAMS 0x0000000085f00000, 0x0000000085f00000| Untracked 
|  76|0x0000000086000000, 0x0000000086000000, 0x0000000086100000|  0%| F|  |TAMS 0x0000000086000000, 0x0000000086000000| Untracked 
|  77|0x0000000086100000, 0x0000000086100000, 0x0000000086200000|  0%| F|  |TAMS 0x0000000086100000, 0x0000000086100000| Untracked 
|  78|0x0000000086200000, 0x0000000086200000, 0x0000000086300000|  0%| F|  |TAMS 0x0000000086200000, 0x0000000086200000| Untracked 
|  79|0x0000000086300000, 0x0000000086300000, 0x0000000086400000|  0%| F|  |TAMS 0x0000000086300000, 0x0000000086300000| Untracked 
|  80|0x0000000086400000, 0x0000000086400000, 0x0000000086500000|  0%| F|  |TAMS 0x0000000086400000, 0x0000000086400000| Untracked 
|  81|0x0000000086500000, 0x0000000086500000, 0x0000000086600000|  0%| F|  |TAMS 0x0000000086500000, 0x0000000086500000| Untracked 
|  82|0x0000000086600000, 0x0000000086600000, 0x0000000086700000|  0%| F|  |TAMS 0x0000000086600000, 0x0000000086600000| Untracked 
|  83|0x0000000086700000, 0x0000000086700000, 0x0000000086800000|  0%| F|  |TAMS 0x0000000086700000, 0x0000000086700000| Untracked 
|  84|0x0000000086800000, 0x0000000086800000, 0x0000000086900000|  0%| F|  |TAMS 0x0000000086800000, 0x0000000086800000| Untracked 
|  85|0x0000000086900000, 0x0000000086900000, 0x0000000086a00000|  0%| F|  |TAMS 0x0000000086900000, 0x0000000086900000| Untracked 
|  86|0x0000000086a00000, 0x0000000086a00000, 0x0000000086b00000|  0%| F|  |TAMS 0x0000000086a00000, 0x0000000086a00000| Untracked 
|  87|0x0000000086b00000, 0x0000000086b00000, 0x0000000086c00000|  0%| F|  |TAMS 0x0000000086b00000, 0x0000000086b00000| Untracked 
|  88|0x0000000086c00000, 0x0000000086c00000, 0x0000000086d00000|  0%| F|  |TAMS 0x0000000086c00000, 0x0000000086c00000| Untracked 
|  89|0x0000000086d00000, 0x0000000086d00000, 0x0000000086e00000|  0%| F|  |TAMS 0x0000000086d00000, 0x0000000086d00000| Untracked 
|  90|0x0000000086e00000, 0x0000000086e00000, 0x0000000086f00000|  0%| F|  |TAMS 0x0000000086e00000, 0x0000000086e00000| Untracked 
|  91|0x0000000086f00000, 0x0000000086f00000, 0x0000000087000000|  0%| F|  |TAMS 0x0000000086f00000, 0x0000000086f00000| Untracked 
|  92|0x0000000087000000, 0x0000000087000000, 0x0000000087100000|  0%| F|  |TAMS 0x0000000087000000, 0x0000000087000000| Untracked 
|  93|0x0000000087100000, 0x0000000087100000, 0x0000000087200000|  0%| F|  |TAMS 0x0000000087100000, 0x0000000087100000| Untracked 
|  94|0x0000000087200000, 0x0000000087200000, 0x0000000087300000|  0%| F|  |TAMS 0x0000000087200000, 0x0000000087200000| Untracked 
|  95|0x0000000087300000, 0x0000000087300000, 0x0000000087400000|  0%| F|  |TAMS 0x0000000087300000, 0x0000000087300000| Untracked 
|  96|0x0000000087400000, 0x0000000087400000, 0x0000000087500000|  0%| F|  |TAMS 0x0000000087400000, 0x0000000087400000| Untracked 
|  97|0x0000000087500000, 0x0000000087500000, 0x0000000087600000|  0%| F|  |TAMS 0x0000000087500000, 0x0000000087500000| Untracked 
|  98|0x0000000087600000, 0x0000000087600000, 0x0000000087700000|  0%| F|  |TAMS 0x0000000087600000, 0x0000000087600000| Untracked 
|  99|0x0000000087700000, 0x0000000087700000, 0x0000000087800000|  0%| F|  |TAMS 0x0000000087700000, 0x0000000087700000| Untracked 
| 100|0x0000000087800000, 0x0000000087800000, 0x0000000087900000|  0%| F|  |TAMS 0x0000000087800000, 0x0000000087800000| Untracked 
| 101|0x0000000087900000, 0x0000000087900000, 0x0000000087a00000|  0%| F|  |TAMS 0x0000000087900000, 0x0000000087900000| Untracked 
| 102|0x0000000087a00000, 0x0000000087a00000, 0x0000000087b00000|  0%| F|  |TAMS 0x0000000087a00000, 0x0000000087a00000| Untracked 
| 103|0x0000000087b00000, 0x0000000087b00000, 0x0000000087c00000|  0%| F|  |TAMS 0x0000000087b00000, 0x0000000087b00000| Untracked 
| 104|0x0000000087c00000, 0x0000000087c00000, 0x0000000087d00000|  0%| F|  |TAMS 0x0000000087c00000, 0x0000000087c00000| Untracked 
| 105|0x0000000087d00000, 0x0000000087d00000, 0x0000000087e00000|  0%| F|  |TAMS 0x0000000087d00000, 0x0000000087d00000| Untracked 
| 106|0x0000000087e00000, 0x0000000087e00000, 0x0000000087f00000|  0%| F|  |TAMS 0x0000000087e00000, 0x0000000087e00000| Untracked 
| 107|0x0000000087f00000, 0x0000000087f00000, 0x0000000088000000|  0%| F|  |TAMS 0x0000000087f00000, 0x0000000087f00000| Untracked 
| 108|0x0000000088000000, 0x0000000088000000, 0x0000000088100000|  0%| F|  |TAMS 0x0000000088000000, 0x0000000088000000| Untracked 
| 109|0x0000000088100000, 0x0000000088100000, 0x0000000088200000|  0%| F|  |TAMS 0x0000000088100000, 0x0000000088100000| Untracked 
| 110|0x0000000088200000, 0x0000000088200000, 0x0000000088300000|  0%| F|  |TAMS 0x0000000088200000, 0x0000000088200000| Untracked 
| 111|0x0000000088300000, 0x0000000088300000, 0x0000000088400000|  0%| F|  |TAMS 0x0000000088300000, 0x0000000088300000| Untracked 
| 112|0x0000000088400000, 0x0000000088500000, 0x0000000088500000|100%| E|CS|TAMS 0x0000000088400000, 0x0000000088400000| Complete 
| 113|0x0000000088500000, 0x0000000088600000, 0x0000000088600000|100%| E|CS|TAMS 0x0000000088500000, 0x0000000088500000| Complete 
| 114|0x0000000088600000, 0x0000000088600000, 0x0000000088700000|  0%| F|  |TAMS 0x0000000088600000, 0x0000000088600000| Untracked 
| 115|0x0000000088700000, 0x0000000088700000, 0x0000000088800000|  0%| F|  |TAMS 0x0000000088700000, 0x0000000088700000| Untracked 
| 116|0x0000000088800000, 0x0000000088800000, 0x0000000088900000|  0%| F|  |TAMS 0x0000000088800000, 0x0000000088800000| Untracked 
| 117|0x0000000088900000, 0x0000000088900000, 0x0000000088a00000|  0%| F|  |TAMS 0x0000000088900000, 0x0000000088900000| Untracked 
| 118|0x0000000088a00000, 0x0000000088a00000, 0x0000000088b00000|  0%| F|  |TAMS 0x0000000088a00000, 0x0000000088a00000| Untracked 
| 119|0x0000000088b00000, 0x0000000088b00000, 0x0000000088c00000|  0%| F|  |TAMS 0x0000000088b00000, 0x0000000088b00000| Untracked 
| 120|0x0000000088c00000, 0x0000000088c00000, 0x0000000088d00000|  0%| F|  |TAMS 0x0000000088c00000, 0x0000000088c00000| Untracked 
| 121|0x0000000088d00000, 0x0000000088da2d28, 0x0000000088e00000| 63%| S|  |TAMS 0x0000000088d00000, 0x0000000088d00000| Complete 
| 122|0x0000000088e00000, 0x0000000088f00000, 0x0000000088f00000|100%| E|CS|TAMS 0x0000000088e00000, 0x0000000088e00000| Complete 
| 123|0x0000000088f00000, 0x0000000089000000, 0x0000000089000000|100%| E|CS|TAMS 0x0000000088f00000, 0x0000000088f00000| Complete 
| 124|0x0000000089000000, 0x0000000089100000, 0x0000000089100000|100%| E|CS|TAMS 0x0000000089000000, 0x0000000089000000| Complete 
| 125|0x0000000089100000, 0x0000000089200000, 0x0000000089200000|100%| E|CS|TAMS 0x0000000089100000, 0x0000000089100000| Complete 
| 126|0x0000000089200000, 0x0000000089300000, 0x0000000089300000|100%| E|CS|TAMS 0x0000000089200000, 0x0000000089200000| Complete 
| 127|0x0000000089300000, 0x0000000089400000, 0x0000000089400000|100%| E|CS|TAMS 0x0000000089300000, 0x0000000089300000| Complete 

Card table byte_map: [0x00000258181a0000,0x00000258185a0000] _byte_map_base: 0x0000025817d96000

Marking Bits (Prev, Next): (CMBitMap*) 0x000002587fd66b38, (CMBitMap*) 0x000002587fd66b70
 Prev Bits: [0x00000258189a0000, 0x000002581a950000)
 Next Bits: [0x000002581a950000, 0x000002581c900000)

Polling page: 0x000002587f820000

Metaspace:

Usage:
  Non-class:     11.84 MB capacity,    11.63 MB ( 98%) used,   183.48 KB (  2%) free+waste,    26.44 KB ( <1%) overhead. 
      Class:      1.48 MB capacity,     1.35 MB ( 92%) used,   113.80 KB (  8%) free+waste,    13.69 KB ( <1%) overhead. 
       Both:     13.31 MB capacity,    12.98 MB ( 98%) used,   297.28 KB (  2%) free+waste,    40.13 KB ( <1%) overhead. 

Virtual space:
  Non-class space:       12.00 MB reserved,      12.00 MB (100%) committed 
      Class space:        1.00 GB reserved,       1.50 MB ( <1%) committed 
             Both:        1.01 GB reserved,      13.50 MB (  1%) committed 

Chunk freelists:
   Non-Class:  5.00 KB
       Class:  3.13 KB
        Both:  8.13 KB

CodeHeap 'non-profiled nmethods': size=238912Kb used=1453Kb max_used=1453Kb free=237458Kb
 bounds [0x0000025809010000, 0x0000025809280000, 0x0000025817960000]
CodeHeap 'non-nmethods': size=6848Kb used=1100Kb max_used=1100Kb free=5747Kb
 bounds [0x0000025808960000, 0x0000025808bd0000, 0x0000025809010000]
 total_blobs=1526 nmethods=1115 adapters=338
 compilation: enabled
              stopped_count=0, restarted_count=0
 full_count=0

Compilation events (10 events):
Event: 2.766 Thread 0x000002581ef83000 nmethod 1111 0x0000025809179410 code [0x00000258091795e0, 0x00000258091797d8]
Event: 2.766 Thread 0x000002581ef83000 1112       1       java.io.InputStream::<init> (5 bytes)
Event: 2.767 Thread 0x000002581ef83000 nmethod 1112 0x0000025809179990 code [0x0000025809179b20, 0x0000025809179bd8]
Event: 2.768 Thread 0x000002581ef83000 1113   !   1       jdk.internal.loader.BuiltinClassLoader::loadClassOrNull (143 bytes)
Event: 2.771 Thread 0x000002581ef83000 nmethod 1113 0x0000025809179c90 code [0x0000025809179f00, 0x000002580917a708]
Event: 2.771 Thread 0x000002581ef83000 1114       1       jdk.internal.access.SharedSecrets::javaUtilJarAccess (18 bytes)
Event: 2.771 Thread 0x000002581ef83000 nmethod 1114 0x000002580917ad90 code [0x000002580917af20, 0x000002580917b008]
Event: 2.771 Thread 0x000002581ef83000 1115       1       java.io.File::exists (43 bytes)
Event: 2.772 Thread 0x000002581ef83000 nmethod 1115 0x000002580917b090 code [0x000002580917b240, 0x000002580917b3c8]
Event: 2.784 Thread 0x000002581ef83000 1116       1       java.net.URLStreamHandler::parseURL (1201 bytes)

GC Heap History (2 events):
Event: 2.517 GC heap before
{Heap before GC invocations=0 (full 0):
 garbage-first heap   total 131072K, used 15360K [0x0000000081400000, 0x0000000100000000)
  region size 1024K, 14 young (14336K), 0 survivors (0K)
 Metaspace       used 11957K, capacity 12230K, committed 12416K, reserved 1060864K
  class space    used 1243K, capacity 1341K, committed 1408K, reserved 1048576K
}
Event: 2.543 GC heap after
{Heap after GC invocations=1 (full 0):
 garbage-first heap   total 131072K, used 6181K [0x0000000081400000, 0x0000000100000000)
  region size 1024K, 2 young (2048K), 2 survivors (2048K)
 Metaspace       used 11957K, capacity 12230K, committed 12416K, reserved 1060864K
  class space    used 1243K, capacity 1341K, committed 1408K, reserved 1048576K
}

Deoptimization events (0 events):
No events

Classes redefined (0 events):
No events

Internal exceptions (10 events):
Event: 1.336 Thread 0x000002587fd2b000 Exception <a 'java/lang/NoSuchMethodError'{0x0000000088b8e760}: java.lang.invoke.DirectMethodHandle$Holder.invokeStatic(Ljava/lang/Object;Ljava/lang/Object;Ljava/lang/Object;Ljava/lang/Object;Ljava/lang/Object;Ljava/lang/Object;Ljava/lang/Object;Ljava/lan
Event: 1.341 Thread 0x000002587fd2b000 Exception <a 'java/lang/NoSuchMethodError'{0x0000000088baf4f0}: java.lang.invoke.DirectMethodHandle$Holder.invokeStatic(Ljava/lang/Object;Ljava/lang/Object;Ljava/lang/Object;Ljava/lang/Object;Ljava/lang/Object;Ljava/lang/Object;Ljava/lang/Object;Ljava/lan
Event: 1.568 Thread 0x000002587fd2b000 Exception <a 'java/lang/NoSuchMethodError'{0x0000000088954de8}: java.lang.invoke.DirectMethodHandle$Holder.invokeSpecialIFC(Ljava/lang/Object;Ljava/lang/Object;Ljava/lang/Object;)I> (0x0000000088954de8) thrown at [./open/src/hotspot/share/interpreter/link
Event: 1.635 Thread 0x000002587fd2b000 Exception <a 'java/lang/NoSuchMethodError'{0x00000000889b0028}: java.lang.invoke.DirectMethodHandle$Holder.invokeStatic(Ljava/lang/Object;IIII)Ljava/lang/Object;> (0x00000000889b0028) thrown at [./open/src/hotspot/share/interpreter/linkResolver.cpp, line 
Event: 1.636 Thread 0x000002587fd2b000 Exception <a 'java/lang/NoSuchMethodError'{0x00000000889b3140}: java.lang.invoke.DirectMethodHandle$Holder.invokeStaticInit(Ljava/lang/Object;IIII)Ljava/lang/Object;> (0x00000000889b3140) thrown at [./open/src/hotspot/share/interpreter/linkResolver.cpp, l
Event: 2.311 Thread 0x000002587fd2b000 Exception <a 'java/lang/NoSuchMethodError'{0x00000000889dc778}: java.lang.invoke.DirectMethodHandle$Holder.invokeStatic(Ljava/lang/Object;Ljava/lang/Object;IIII)Ljava/lang/Object;> (0x00000000889dc778) thrown at [./open/src/hotspot/share/interpreter/linkR
Event: 2.313 Thread 0x000002587fd2b000 Exception <a 'java/lang/NoSuchMethodError'{0x00000000889dfac0}: java.lang.invoke.DirectMethodHandle$Holder.invokeStaticInit(Ljava/lang/Object;Ljava/lang/Object;IIII)Ljava/lang/Object;> (0x00000000889dfac0) thrown at [./open/src/hotspot/share/interpreter/l
Event: 2.353 Thread 0x000002587fd2b000 Exception <a 'java/lang/ClassNotFoundException'{0x00000000889ffb60}: javax/management/remote/rmi/RMIServerImpl_Skel> (0x00000000889ffb60) thrown at [./open/src/hotspot/share/classfile/systemDictionary.cpp, line 227]
Event: 2.577 Thread 0x000002587fd2b000 Exception <a 'java/lang/ClassNotFoundException'{0x0000000089313ca8}: javax/smartcardio/CardPermission> (0x0000000089313ca8) thrown at [./open/src/hotspot/share/classfile/systemDictionary.cpp, line 227]
Event: 2.589 Thread 0x000002587fd2b000 Exception <a 'java/io/FileNotFoundException'{0x00000000893226b8}> (0x00000000893226b8) thrown at [./open/src/hotspot/share/prims/jni.cpp, line 611]

Events (10 events):
Event: 2.782 loading class org/springframework/context/Lifecycle
Event: 2.782 loading class org/springframework/context/Lifecycle done
Event: 2.784 loading class org/springframework/boot/WebApplicationType
Event: 2.784 loading class org/springframework/boot/WebApplicationType done
Event: 2.784 loading class org/springframework/boot/ApplicationContextFactory
Event: 2.784 loading class org/springframework/boot/ApplicationContextFactory done
Event: 2.784 loading class org/springframework/core/metrics/ApplicationStartup
Event: 2.784 loading class org/springframework/core/metrics/ApplicationStartup done
Event: 2.796 loading class org/springframework/core/metrics/DefaultApplicationStartup
Event: 2.796 loading class org/springframework/core/metrics/DefaultApplicationStartup done


Dynamic libraries:
0x00007ff66ffa0000 - 0x00007ff66ffaf000 	C:\Program Files\Java\jdk-11.0.13\bin\java.exe
0x00007ffb454e0000 - 0x00007ffb456d0000 	C:\Windows\SYSTEM32\ntdll.dll
0x00007ffb3ca90000 - 0x00007ffb3caa6000 	C:\Program Files\Avast Software\Avast\aswhook.dll
0x00007ffb44170000 - 0x00007ffb44222000 	C:\Windows\System32\KERNEL32.DLL
0x00007ffb426b0000 - 0x00007ffb42953000 	C:\Windows\System32\KERNELBASE.dll
0x00007ffb42be0000 - 0x00007ffb42cda000 	C:\Windows\System32\ucrtbase.dll
0x00007ffb378b0000 - 0x00007ffb378c8000 	C:\Program Files\Java\jdk-11.0.13\bin\jli.dll
0x00007ffb44820000 - 0x00007ffb448c3000 	C:\Windows\System32\ADVAPI32.dll
0x00007ffb43740000 - 0x00007ffb437de000 	C:\Windows\System32\msvcrt.dll
0x00007ffb43d30000 - 0x00007ffb43dc7000 	C:\Windows\System32\sechost.dll
0x00007ffb451a0000 - 0x00007ffb452c0000 	C:\Windows\System32\RPCRT4.dll
0x00007ffb44230000 - 0x00007ffb443c4000 	C:\Windows\System32\USER32.dll
0x00007ffb42ab0000 - 0x00007ffb42ad1000 	C:\Windows\System32\win32u.dll
0x00007ffb36060000 - 0x00007ffb36075000 	C:\Program Files\Java\jdk-11.0.13\bin\VCRUNTIME140.dll
0x00007ffb43ce0000 - 0x00007ffb43d06000 	C:\Windows\System32\GDI32.dll
0x00007ffb42470000 - 0x00007ffb42604000 	C:\Windows\System32\gdi32full.dll
0x00007ffb42610000 - 0x00007ffb426ae000 	C:\Windows\System32\msvcp_win.dll
0x00007ffb337d0000 - 0x00007ffb33a55000 	C:\Windows\WinSxS\amd64_microsoft.windows.common-controls_6595b64144ccf1df_6.0.18362.418_none_e6c6b287130d565d\COMCTL32.dll
0x00007ffb43dd0000 - 0x00007ffb44106000 	C:\Windows\System32\combase.dll
0x00007ffb42d30000 - 0x00007ffb42db0000 	C:\Windows\System32\bcryptPrimitives.dll
0x00007ffb3a550000 - 0x00007ffb3a55a000 	C:\Windows\SYSTEM32\VERSION.dll
0x00007ffb447f0000 - 0x00007ffb4481e000 	C:\Windows\System32\IMM32.DLL
0x00007ffb228b0000 - 0x00007ffb2294b000 	C:\Program Files\Java\jdk-11.0.13\bin\msvcp140.dll
0x00007ffaf6650000 - 0x00007ffaf7163000 	C:\Program Files\Java\jdk-11.0.13\bin\server\jvm.dll
0x00007ffb447e0000 - 0x00007ffb447e8000 	C:\Windows\System32\PSAPI.DLL
0x00007ffb341e0000 - 0x00007ffb341e9000 	C:\Windows\SYSTEM32\WSOCK32.dll
0x00007ffb44440000 - 0x00007ffb444af000 	C:\Windows\System32\WS2_32.dll
0x00007ffb3f030000 - 0x00007ffb3f054000 	C:\Windows\SYSTEM32\WINMM.dll
0x00007ffb3f000000 - 0x00007ffb3f02d000 	C:\Windows\SYSTEM32\WINMMBASE.dll
0x00007ffb42ce0000 - 0x00007ffb42d2a000 	C:\Windows\System32\cfgmgr32.dll
0x00007ffb423c0000 - 0x00007ffb423d1000 	C:\Windows\System32\kernel.appcore.dll
0x00007ffb3aac0000 - 0x00007ffb3aad0000 	C:\Program Files\Java\jdk-11.0.13\bin\verify.dll
0x00007ffb38170000 - 0x00007ffb38364000 	C:\Windows\SYSTEM32\DBGHELP.DLL
0x00007ffb38140000 - 0x00007ffb3816a000 	C:\Windows\SYSTEM32\dbgcore.DLL
0x00007ffb35a60000 - 0x00007ffb35a88000 	C:\Program Files\Java\jdk-11.0.13\bin\java.dll
0x00007ffb3a4f0000 - 0x00007ffb3a4fa000 	C:\Program Files\Java\jdk-11.0.13\bin\jimage.dll
0x00007ffb3d070000 - 0x00007ffb3d07e000 	C:\Program Files\Java\jdk-11.0.13\bin\instrument.dll
0x00007ffb36040000 - 0x00007ffb36056000 	C:\Program Files\Java\jdk-11.0.13\bin\zip.dll
0x00007ffb44980000 - 0x00007ffb45065000 	C:\Windows\System32\SHELL32.dll
0x00007ffb444b0000 - 0x00007ffb44559000 	C:\Windows\System32\shcore.dll
0x00007ffb42db0000 - 0x00007ffb4352f000 	C:\Windows\System32\windows.storage.dll
0x00007ffb42430000 - 0x00007ffb4244f000 	C:\Windows\System32\profapi.dll
0x00007ffb423e0000 - 0x00007ffb4242a000 	C:\Windows\System32\powrprof.dll
0x00007ffb423b0000 - 0x00007ffb423c0000 	C:\Windows\System32\UMPDC.dll
0x00007ffb45140000 - 0x00007ffb45192000 	C:\Windows\System32\shlwapi.dll
0x00007ffb42bc0000 - 0x00007ffb42bd7000 	C:\Windows\System32\cryptsp.dll
0x00007ffb35830000 - 0x00007ffb35849000 	C:\Program Files\Java\jdk-11.0.13\bin\net.dll
0x00007ffb38ad0000 - 0x00007ffb38bc0000 	C:\Windows\SYSTEM32\WINHTTP.dll
0x00007ffb41b70000 - 0x00007ffb41bd7000 	C:\Windows\system32\mswsock.dll
0x00007ffb35810000 - 0x00007ffb35822000 	C:\Program Files\Java\jdk-11.0.13\bin\nio.dll
0x00007ffb3a500000 - 0x00007ffb3a51a000 	D:\JetBrains\IntelliJ IDEA 2021.3\bin\breakgen64.dll
0x00007ffb418d0000 - 0x00007ffb4199a000 	C:\Windows\SYSTEM32\DNSAPI.dll
0x00007ffb437e0000 - 0x00007ffb437e8000 	C:\Windows\System32\NSI.dll
0x00007ffb41890000 - 0x00007ffb418ca000 	C:\Windows\SYSTEM32\IPHLPAPI.DLL
0x00007ffb37990000 - 0x00007ffb3799a000 	C:\Windows\System32\rasadhlp.dll
0x00007ffb38ee0000 - 0x00007ffb38f57000 	C:\Windows\System32\fwpuclnt.dll
0x00007ffb42ae0000 - 0x00007ffb42b06000 	C:\Windows\System32\bcrypt.dll
0x00007ffb3ca50000 - 0x00007ffb3ca59000 	C:\Program Files\Java\jdk-11.0.13\bin\management.dll
0x00007ffb3c550000 - 0x00007ffb3c55b000 	C:\Program Files\Java\jdk-11.0.13\bin\management_ext.dll
0x00007ffb416f0000 - 0x00007ffb41723000 	C:\Windows\system32\rsaenh.dll
0x00007ffb422d0000 - 0x00007ffb422f5000 	C:\Windows\SYSTEM32\USERENV.dll
0x00007ffb41cf0000 - 0x00007ffb41cfc000 	C:\Windows\SYSTEM32\CRYPTBASE.dll
0x00007ffb3bc30000 - 0x00007ffb3bc46000 	C:\Windows\SYSTEM32\dhcpcsvc6.DLL
0x00007ffb3a9d0000 - 0x00007ffb3a9ec000 	C:\Windows\SYSTEM32\dhcpcsvc.DLL
0x00007ffb2dbf0000 - 0x00007ffb2dc06000 	C:\Windows\system32\napinsp.dll
0x00007ffb2dbd0000 - 0x00007ffb2dbea000 	C:\Windows\system32\pnrpnsp.dll
0x00007ffb2dbc0000 - 0x00007ffb2dbce000 	C:\Windows\System32\winrnr.dll
0x00007ffb3eb80000 - 0x00007ffb3eb9c000 	C:\Windows\system32\NLAapi.dll
0x00007ffb2dba0000 - 0x00007ffb2dbb5000 	C:\Windows\system32\wshbth.dll

dbghelp: loaded successfully - version: 4.0.5 - missing functions: none
symbol engine: initialized successfully - sym options: 0x614 - pdb path: .;C:\Program Files\Java\jdk-11.0.13\bin;C:\Windows\SYSTEM32;C:\Program Files\Avast Software\Avast;C:\Windows\WinSxS\amd64_microsoft.windows.common-controls_6595b64144ccf1df_6.0.18362.418_none_e6c6b287130d565d;C:\Program Files\Java\jdk-11.0.13\bin\server;D:\JetBrains\IntelliJ IDEA 2021.3\bin

VM Arguments:
jvm_args: -XX:TieredStopAtLevel=1 -Xverify:none -Dspring.output.ansi.enabled=always -javaagent:D:\JetBrains\IntelliJ IDEA 2021.3\lib\idea_rt.jar=60258:D:\JetBrains\IntelliJ IDEA 2021.3\bin -Dcom.sun.management.jmxremote -Dspring.jmx.enabled=true -Dspring.liveBeansView.mbeanDomain -Dspring.application.admin.enabled=true -Dfile.encoding=UTF-8 
java_command: com.oquedadinheiro.customer.CustomerApplication
java_class_path (initial): D:\Users\Gilson José.DESKTOP-TTETHU6\Documents\GitHub\CadastrodeClientes-angular-springJava-\spring\target\classes;D:\Users\Gilson José.DESKTOP-TTETHU6\.m2\repository\org\springframework\boot\spring-boot-starter-data-jpa\2.6.6\spring-boot-starter-data-jpa-2.6.6.jar;D:\Users\Gilson José.DESKTOP-TTETHU6\.m2\repository\org\springframework\boot\spring-boot-starter-aop\2.6.6\spring-boot-starter-aop-2.6.6.jar;D:\Users\Gilson José.DESKTOP-TTETHU6\.m2\repository\org\springframework\spring-aop\5.3.18\spring-aop-5.3.18.jar;D:\Users\Gilson José.DESKTOP-TTETHU6\.m2\repository\org\aspectj\aspectjweaver\1.9.7\aspectjweaver-1.9.7.jar;D:\Users\Gilson José.DESKTOP-TTETHU6\.m2\repository\org\springframework\boot\spring-boot-starter-jdbc\2.6.6\spring-boot-starter-jdbc-2.6.6.jar;D:\Users\Gilson José.DESKTOP-TTETHU6\.m2\repository\com\zaxxer\HikariCP\4.0.3\HikariCP-4.0.3.jar;D:\Users\Gilson José.DESKTOP-TTETHU6\.m2\repository\org\springframework\spring-jdbc\5.3.18\spring-jdbc-5.3.18.jar;D:\Users\Gilson José.DESKTOP-TTETHU6\.m2\repository\jakarta\transaction\jakarta.transaction-api\1.3.3\jakarta.transaction-api-1.3.3.jar;D:\Users\Gilson José.DESKTOP-TTETHU6\.m2\repository\jakarta\persistence\jakarta.persistence-api\2.2.3\jakarta.persistence-api-2.2.3.jar;D:\Users\Gilson José.DESKTOP-TTETHU6\.m2\repository\org\hibernate\hibernate-core\5.6.7.Final\hibernate-core-5.6.7.Final.jar;D:\Users\Gilson José.DESKTOP-TTETHU6\.m2\repository\org\jboss\logging\jboss-logging\3.4.3.Final\jboss-logging-3.4.3.Final.jar;D:\Users\Gilson José.DESKTOP-TTETHU6\.m2\repository\net\bytebuddy\byte-buddy\1.11.22\byte-buddy-1.11.22.jar;D:\Users\Gilson José.DESKTOP-TTETHU6\.m2\repository\antlr\antlr\2.7.7\antlr-2.7.7.jar;D:\Users\Gilson José.DESKTOP-TTETHU6\.m2\repository\org\jboss\jandex\2.4.2.Final\jandex-2.4.2.Final.jar;D:\Users\Gilson José.DESKTOP-TTETHU6\.m2\repository\com\fasterxml\classmate\1.5.1\classmate-1.5.1.jar;D:\Users\Gilson José.DESKTOP-TTETHU6\.m2\repository\org\hibernate\co
Launcher Type: SUN_STANDARD

[Global flags]
     bool BytecodeVerificationLocal                = false                                     {product} {command line}
     bool BytecodeVerificationRemote               = false                                     {product} {command line}
     intx CICompilerCount                          = 3                                         {product} {ergonomic}
     uint ConcGCThreads                            = 1                                         {product} {ergonomic}
     uint G1ConcRefinementThreads                  = 4                                         {product} {ergonomic}
   size_t G1HeapRegionSize                         = 1048576                                   {product} {ergonomic}
    uintx GCDrainStackTargetSize                   = 64                                        {product} {ergonomic}
   size_t InitialHeapSize                          = 134217728                                 {product} {ergonomic}
     bool ManagementServer                         = true                                      {product} {command line}
   size_t MarkStackSize                            = 4194304                                   {product} {ergonomic}
   size_t MaxHeapSize                              = 2126512128                                {product} {ergonomic}
   size_t MaxNewSize                               = 1275068416                                {product} {ergonomic}
   size_t MinHeapDeltaBytes                        = 1048576                                   {product} {ergonomic}
    uintx NonNMethodCodeHeapSize                   = 6973028                                {pd product} {ergonomic}
    uintx NonProfiledCodeHeapSize                  = 244685212                              {pd product} {ergonomic}
    uintx ProfiledCodeHeapSize                     = 0                                      {pd product} {ergonomic}
    uintx ReservedCodeCacheSize                    = 251658240                              {pd product} {ergonomic}
     bool SegmentedCodeCache                       = true                                      {product} {ergonomic}
     intx TieredStopAtLevel                        = 1                                         {product} {command line}
     bool UseCompressedClassPointers               = true                                 {lp64_product} {ergonomic}
     bool UseCompressedOops                        = true                                 {lp64_product} {ergonomic}
     bool UseG1GC                                  = true                                      {product} {ergonomic}
     bool UseLargePagesIndividualAllocation        = false                                  {pd product} {ergonomic}

Logging:
Log output configuration:
 #0: stdout all=warning uptime,level,tags
 #1: stderr all=off uptime,level,tags

Environment Variables:
PATH=C:\Program Files\Common Files\Oracle\Java\javapath;C:\Program Files\Eclipse Adoptium\jdk-17.0.1.12-hotspot\bin;C:\Windows\system32;C:\Windows;C:\Windows\System32\Wbem;C:\Windows\System32\WindowsPowerShell\v1.0\;C:\Windows\System32\OpenSSH\;D:\nodejs\;C:\xampp\php;C:\composer;D:\IsoBuster;C:\Program Files\Go\bin;D:\Users\Gilson José.DESKTOP-TTETHU6\scoop\apps\buffalo\current;D:\Git\bin;D:\Users\Gilson José.DESKTOP-TTETHU6\scoop\apps\gcc\current\bin;D:\Users\Gilson José.DESKTOP-TTETHU6\scoop\shims;D:\Users\Gilson José.DESKTOP-TTETHU6\AppData\Local\Programs\Python\Python39\Scripts\;D:\Users\Gilson José.DESKTOP-TTETHU6\AppData\Local\Programs\Python\Python39\;D:\Users\Gilson José.DESKTOP-TTETHU6\AppData\Local\Microsoft\WindowsApps;D:\Users\Gilson José.DESKTOP-TTETHU6\AppData\Roaming\npm;D:\Users\Gilson José.DESKTOP-TTETHU6\composer;D:\Users\Gilson José.DESKTOP-TTETHU6\AppData\Roaming\Composer\vendor\bin;D:\Users\Gilson José.DESKTOP-TTETHU6\AppData\Local\GitHubDesktop\bin;D:\xampp\php;D:\apache-maven-3.8.1\bin;D:\JetBrains\IntelliJ IDEA 2021.3\bin;D:\apache-tomcat-10.0.8\bin;D:\JetBrains\PyCharm 2021.3\bin;C:\Microsoft VS Code\bin;D:\JetBrains\GoLand 2021.3\bin;D:\Users\Gilson José.DESKTOP-TTETHU6\go\bin
USERNAME=Gilson José
OS=Windows_NT
PROCESSOR_IDENTIFIER=Intel64 Family 6 Model 60 Stepping 3, GenuineIntel



---------------  S Y S T E M  ---------------

OS: Windows 10 , 64 bit Build 18362 (10.0.18362.329)
Hyper-V role detected

CPU:total 4 (initial active 4) (2 cores per cpu, 2 threads per core) family 6 model 60 stepping 3 microcode 0x28, cmov, cx8, fxsr, mmx, sse, sse2, sse3, ssse3, sse4.1, sse4.2, popcnt, avx, avx2, aes, clmul, erms, lzcnt, ht, tsc, tscinvbit, bmi1, bmi2, fma

Memory: 4k page, system-wide physical 8111M (1187M free)
TotalPageFile size 8151M (AvailPageFile size 2M)
current process WorkingSet (physical memory assigned to process): 68M, peak: 68M
current process commit charge ("private bytes"): 209M, peak: 209M

vm_info: Java HotSpot(TM) 64-Bit Server VM (11.0.13+10-LTS-370) for windows-amd64 JRE (11.0.13+10-LTS-370), built on Sep 15 2021 22:10:36 by "mach5one" with MS VC++ 15.9 (VS2017)

END.
